 KPT            1  SPIN            1  KWEIGHT    2.9154518950437408E-003
     1   -40.230  2.00000
     2   -40.230  2.00000
     3   -40.230  2.00000
     4   -40.230  2.00000
     5   -40.230  2.00000
     6   -19.213  2.00000
     7   -19.213  2.00000
     8   -19.213  2.00000
     9   -19.192  2.00000
    10   -19.192  2.00000
    11   -12.986  2.00000
    12    -2.540  2.00000
    13    -2.540  2.00000
    14    -2.540  2.00000
    15    -1.244  0.00000
    16    -1.244  0.00000
    17    -1.244  0.00000
    18    -0.758  0.00000

 KPT            2  SPIN            1  KWEIGHT    5.8309037900874817E-003
     1   -40.230  2.00000
     2   -40.230  2.00000
     3   -40.230  2.00000
     4   -40.230  2.00000
     5   -40.230  2.00000
     6   -19.220  2.00000
     7   -19.211  2.00000
     8   -19.211  2.00000
     9   -19.192  2.00000
    10   -19.192  2.00000
    11   -13.051  2.00000
    12    -4.117  2.00000
    13    -2.723  2.00000
    14    -2.723  2.00000
    15    -0.846  0.00000
    16    -0.846  0.00000
    17    -0.774  0.00000
    18     3.019  0.00000

 KPT            3  SPIN            1  KWEIGHT    5.8309037900874817E-003
     1   -40.230  2.00000
     2   -40.230  2.00000
     3   -40.230  2.00000
     4   -40.230  2.00000
     5   -40.230  2.00000
     6   -19.240  2.00000
     7   -19.208  2.00000
     8   -19.208  2.00000
     9   -19.189  2.00000
    10   -19.189  2.00000
    11   -12.918  2.00000
    12    -5.740  2.00000
    13    -3.101  2.00000
    14    -3.101  2.00000
    15     0.686  0.00000
    16     0.901  0.00000
    17     0.901  0.00000
    18    12.185  0.00000

 KPT            4  SPIN            1  KWEIGHT    5.8309037900874817E-003
     1   -40.231  2.00000
     2   -40.230  2.00000
     3   -40.230  2.00000
     4   -40.230  2.00000
     5   -40.230  2.00000
     6   -19.257  2.00000
     7   -19.209  2.00000
     8   -19.209  2.00000
     9   -19.184  2.00000
    10   -19.184  2.00000
    11   -12.548  2.00000
    12    -6.390  2.00000
    13    -3.406  2.00000
    14    -3.406  2.00000
    15     1.304  0.00000
    16     7.383  0.00000
    17     7.383  0.00000
    18    15.718  0.00000

 KPT            5  SPIN            1  KWEIGHT    5.8309037900874817E-003
     1   -40.230  2.00000
     2   -40.230  2.00000
     3   -40.230  2.00000
     4   -40.230  2.00000
     5   -40.230  2.00000
     6   -19.220  2.00000
     7   -19.211  2.00000
     8   -19.211  2.00000
     9   -19.192  2.00000
    10   -19.192  2.00000
    11   -13.051  2.00000
    12    -4.117  2.00000
    13    -2.723  2.00000
    14    -2.723  2.00000
    15    -0.846  0.00000
    16    -0.846  0.00000
    17    -0.774  0.00000
    18     3.019  0.00000

 KPT            6  SPIN            1  KWEIGHT    5.8309037900874817E-003
     1   -40.230  2.00000
     2   -40.230  2.00000
     3   -40.230  2.00000
     4   -40.230  2.00000
     5   -40.230  2.00000
     6   -19.226  2.00000
     7   -19.207  2.00000
     8   -19.207  2.00000
     9   -19.195  2.00000
    10   -19.191  2.00000
    11   -13.080  2.00000
    12    -4.354  2.00000
    13    -3.005  2.00000
    14    -3.005  2.00000
    15    -0.567  0.00000
    16    -0.567  0.00000
    17    -0.330  0.00000
    18     4.269  0.00000

 KPT            7  SPIN            1  KWEIGHT    5.8309037900874817E-003
     1   -40.231  2.00000
     2   -40.230  2.00000
     3   -40.230  2.00000
     4   -40.230  2.00000
     5   -40.230  2.00000
     6   -19.243  2.00000
     7   -19.204  2.00000
     8   -19.203  2.00000
     9   -19.195  2.00000
    10   -19.188  2.00000
    11   -12.992  2.00000
    12    -5.699  2.00000
    13    -3.369  2.00000
    14    -3.263  2.00000
    15     0.044  0.00000
    16     0.696  0.00000
    17     1.557  0.00000
    18    12.646  0.00000

 KPT            8  SPIN            1  KWEIGHT    5.8309037900874817E-003
     1   -40.231  2.00000
     2   -40.230  2.00000
     3   -40.230  2.00000
     4   -40.230  2.00000
     5   -40.230  2.00000
     6   -19.259  2.00000
     7   -19.206  2.00000
     8   -19.204  2.00000
     9   -19.190  2.00000
    10   -19.183  2.00000
    11   -12.581  2.00000
    12    -6.477  2.00000
    13    -3.648  2.00000
    14    -3.619  2.00000
    15     1.434  0.00000
    16     4.975  0.00000
    17     5.103  0.00000
    18    15.035  0.00000

 KPT            9  SPIN            1  KWEIGHT    5.8309037900874817E-003
     1   -40.231  2.00000
     2   -40.230  2.00000
     3   -40.230  2.00000
     4   -40.230  2.00000
     5   -40.230  2.00000
     6   -19.262  2.00000
     7   -19.208  2.00000
     8   -19.205  2.00000
     9   -19.186  2.00000
    10   -19.185  2.00000
    11   -12.430  2.00000
    12    -6.632  2.00000
    13    -3.837  2.00000
    14    -3.599  2.00000
    15     1.714  0.00000
    16     7.739  0.00000
    17    11.923  0.00000
    18    15.326  0.00000

 KPT           10  SPIN            1  KWEIGHT    5.8309037900874817E-003
     1   -40.230  2.00000
     2   -40.230  2.00000
     3   -40.230  2.00000
     4   -40.230  2.00000
     5   -40.230  2.00000
     6   -19.252  2.00000
     7   -19.207  2.00000
     8   -19.204  2.00000
     9   -19.191  2.00000
    10   -19.186  2.00000
    11   -12.723  2.00000
    12    -6.283  2.00000
    13    -3.668  2.00000
    14    -3.245  2.00000
    15     0.648  0.00000
    16     3.302  0.00000
    17     3.508  0.00000
    18    17.758  0.00000

 KPT           11  SPIN            1  KWEIGHT    5.8309037900874817E-003
     1   -40.230  2.00000
     2   -40.230  2.00000
     3   -40.230  2.00000
     4   -40.230  2.00000
     5   -40.230  2.00000
     6   -19.233  2.00000
     7   -19.208  2.00000
     8   -19.207  2.00000
     9   -19.194  2.00000
    10   -19.189  2.00000
    11   -13.051  2.00000
    12    -5.279  2.00000
    13    -3.208  2.00000
    14    -2.815  2.00000
    15    -0.726  0.00000
    16    -0.130  0.00000
    17     1.242  0.00000
    18     9.149  0.00000

 KPT           12  SPIN            1  KWEIGHT    5.8309037900874817E-003
     1   -40.230  2.00000
     2   -40.230  2.00000
     3   -40.230  2.00000
     4   -40.230  2.00000
     5   -40.230  2.00000
     6   -19.240  2.00000
     7   -19.208  2.00000
     8   -19.208  2.00000
     9   -19.189  2.00000
    10   -19.189  2.00000
    11   -12.918  2.00000
    12    -5.740  2.00000
    13    -3.101  2.00000
    14    -3.101  2.00000
    15     0.686  0.00000
    16     0.901  0.00000
    17     0.901  0.00000
    18    12.185  0.00000

 KPT           13  SPIN            1  KWEIGHT    5.8309037900874817E-003
     1   -40.231  2.00000
     2   -40.230  2.00000
     3   -40.230  2.00000
     4   -40.230  2.00000
     5   -40.230  2.00000
     6   -19.243  2.00000
     7   -19.204  2.00000
     8   -19.203  2.00000
     9   -19.195  2.00000
    10   -19.188  2.00000
    11   -12.992  2.00000
    12    -5.699  2.00000
    13    -3.369  2.00000
    14    -3.263  2.00000
    15     0.044  0.00000
    16     0.696  0.00000
    17     1.557  0.00000
    18    12.646  0.00000

 KPT           14  SPIN            1  KWEIGHT    5.8309037900874817E-003
     1   -40.231  2.00000
     2   -40.230  2.00000
     3   -40.230  2.00000
     4   -40.230  2.00000
     5   -40.230  2.00000
     6   -19.259  2.00000
     7   -19.200  2.00000
     8   -19.194  2.00000
     9   -19.194  2.00000
    10   -19.187  2.00000
    11   -12.818  2.00000
    12    -6.210  2.00000
    13    -3.721  2.00000
    14    -3.721  2.00000
    15     1.660  0.00000
    16     1.675  0.00000
    17     1.675  0.00000
    18    13.465  0.00000

 KPT           15  SPIN            1  KWEIGHT    5.8309037900874817E-003
     1   -40.231  2.00000
     2   -40.230  2.00000
     3   -40.230  2.00000
     4   -40.230  2.00000
     5   -40.230  2.00000
     6   -19.270  2.00000
     7   -19.202  2.00000
     8   -19.193  2.00000
     9   -19.191  2.00000
    10   -19.184  2.00000
    11   -12.451  2.00000
    12    -6.706  2.00000
    13    -4.014  2.00000
    14    -3.948  2.00000
    15     1.988  0.00000
    16     4.674  0.00000
    17     4.751  0.00000
    18     9.601  0.00000

 KPT           16  SPIN            1  KWEIGHT    5.8309037900874817E-003
     1   -40.231  2.00000
     2   -40.230  2.00000
     3   -40.230  2.00000
     4   -40.230  2.00000
     5   -40.230  2.00000
     6   -19.270  2.00000
     7   -19.205  2.00000
     8   -19.195  2.00000
     9   -19.191  2.00000
    10   -19.185  2.00000
    11   -12.262  2.00000
    12    -6.873  2.00000
    13    -4.225  2.00000
    14    -3.955  2.00000
    15     2.389  0.00000
    16     5.509  0.00000
    17    11.850  0.00000
    18    12.437  0.00000

 KPT           17  SPIN            1  KWEIGHT    5.8309037900874817E-003
     1   -40.231  2.00000
     2   -40.230  2.00000
     3   -40.230  2.00000
     4   -40.230  2.00000
     5   -40.230  2.00000
     6   -19.262  2.00000
     7   -19.207  2.00000
     8   -19.198  2.00000
     9   -19.190  2.00000
    10   -19.188  2.00000
    11   -12.398  2.00000
    12    -6.731  2.00000
    13    -4.144  2.00000
    14    -3.679  2.00000
    15     1.649  0.00000
    16     4.953  0.00000
    17    11.343  0.00000
    18    17.770  0.00000

 KPT           18  SPIN            1  KWEIGHT    5.8309037900874817E-003
     1   -40.230  2.00000
     2   -40.230  2.00000
     3   -40.230  2.00000
     4   -40.230  2.00000
     5   -40.230  2.00000
     6   -19.252  2.00000
     7   -19.207  2.00000
     8   -19.204  2.00000
     9   -19.191  2.00000
    10   -19.186  2.00000
    11   -12.723  2.00000
    12    -6.283  2.00000
    13    -3.668  2.00000
    14    -3.245  2.00000
    15     0.648  0.00000
    16     3.302  0.00000
    17     3.508  0.00000
    18    17.758  0.00000

 KPT           19  SPIN            1  KWEIGHT    5.8309037900874817E-003
     1   -40.231  2.00000
     2   -40.230  2.00000
     3   -40.230  2.00000
     4   -40.230  2.00000
     5   -40.230  2.00000
     6   -19.257  2.00000
     7   -19.209  2.00000
     8   -19.209  2.00000
     9   -19.184  2.00000
    10   -19.184  2.00000
    11   -12.548  2.00000
    12    -6.390  2.00000
    13    -3.406  2.00000
    14    -3.406  2.00000
    15     1.304  0.00000
    16     7.383  0.00000
    17     7.383  0.00000
    18    15.718  0.00000

 KPT           20  SPIN            1  KWEIGHT    5.8309037900874817E-003
     1   -40.231  2.00000
     2   -40.230  2.00000
     3   -40.230  2.00000
     4   -40.230  2.00000
     5   -40.230  2.00000
     6   -19.259  2.00000
     7   -19.206  2.00000
     8   -19.204  2.00000
     9   -19.190  2.00000
    10   -19.183  2.00000
    11   -12.581  2.00000
    12    -6.477  2.00000
    13    -3.648  2.00000
    14    -3.619  2.00000
    15     1.434  0.00000
    16     4.975  0.00000
    17     5.103  0.00000
    18    15.035  0.00000

 KPT           21  SPIN            1  KWEIGHT    5.8309037900874817E-003
     1   -40.231  2.00000
     2   -40.230  2.00000
     3   -40.230  2.00000
     4   -40.230  2.00000
     5   -40.230  2.00000
     6   -19.270  2.00000
     7   -19.202  2.00000
     8   -19.193  2.00000
     9   -19.191  2.00000
    10   -19.184  2.00000
    11   -12.451  2.00000
    12    -6.706  2.00000
    13    -4.014  2.00000
    14    -3.948  2.00000
    15     1.988  0.00000
    16     4.674  0.00000
    17     4.751  0.00000
    18     9.601  0.00000

 KPT           22  SPIN            1  KWEIGHT    5.8309037900874817E-003
     1   -40.231  2.00000
     2   -40.230  2.00000
     3   -40.230  2.00000
     4   -40.230  2.00000
     5   -40.230  2.00000
     6   -19.280  2.00000
     7   -19.204  2.00000
     8   -19.185  2.00000
     9   -19.185  2.00000
    10   -19.184  2.00000
    11   -12.257  2.00000
    12    -6.901  2.00000
    13    -4.150  2.00000
    14    -4.150  2.00000
    15     2.448  0.00000
    16     5.042  0.00000
    17     6.026  0.00000
    18     6.026  0.00000

 KPT           23  SPIN            1  KWEIGHT    5.8309037900874817E-003
     1   -40.231  2.00000
     2   -40.230  2.00000
     3   -40.230  2.00000
     4   -40.230  2.00000
     5   -40.230  2.00000
     6   -19.279  2.00000
     7   -19.204  2.00000
     8   -19.187  2.00000
     9   -19.187  2.00000
    10   -19.184  2.00000
    11   -12.176  2.00000
    12    -6.984  2.00000
    13    -4.253  2.00000
    14    -4.158  2.00000
    15     2.924  0.00000
    16     3.833  0.00000
    17     8.663  0.00000
    18     8.859  0.00000

 KPT           24  SPIN            1  KWEIGHT    5.8309037900874817E-003
     1   -40.231  2.00000
     2   -40.230  2.00000
     3   -40.230  2.00000
     4   -40.230  2.00000
     5   -40.230  2.00000
     6   -19.270  2.00000
     7   -19.205  2.00000
     8   -19.195  2.00000
     9   -19.191  2.00000
    10   -19.185  2.00000
    11   -12.262  2.00000
    12    -6.873  2.00000
    13    -4.225  2.00000
    14    -3.955  2.00000
    15     2.389  0.00000
    16     5.509  0.00000
    17    11.850  0.00000
    18    12.437  0.00000

 KPT           25  SPIN            1  KWEIGHT    5.8309037900874817E-003
     1   -40.231  2.00000
     2   -40.230  2.00000
     3   -40.230  2.00000
     4   -40.230  2.00000
     5   -40.230  2.00000
     6   -19.262  2.00000
     7   -19.208  2.00000
     8   -19.205  2.00000
     9   -19.186  2.00000
    10   -19.185  2.00000
    11   -12.430  2.00000
    12    -6.632  2.00000
    13    -3.837  2.00000
    14    -3.599  2.00000
    15     1.714  0.00000
    16     7.739  0.00000
    17    11.923  0.00000
    18    15.326  0.00000

 KPT           26  SPIN            1  KWEIGHT    5.8309037900874817E-003
     1   -40.230  2.00000
     2   -40.230  2.00000
     3   -40.230  2.00000
     4   -40.230  2.00000
     5   -40.230  2.00000
     6   -19.220  2.00000
     7   -19.211  2.00000
     8   -19.211  2.00000
     9   -19.192  2.00000
    10   -19.192  2.00000
    11   -13.051  2.00000
    12    -4.117  2.00000
    13    -2.723  2.00000
    14    -2.723  2.00000
    15    -0.846  0.00000
    16    -0.846  0.00000
    17    -0.774  0.00000
    18     3.019  0.00000

 KPT           27  SPIN            1  KWEIGHT    5.8309037900874817E-003
     1   -40.230  2.00000
     2   -40.230  2.00000
     3   -40.230  2.00000
     4   -40.230  2.00000
     5   -40.230  2.00000
     6   -19.226  2.00000
     7   -19.207  2.00000
     8   -19.207  2.00000
     9   -19.195  2.00000
    10   -19.191  2.00000
    11   -13.080  2.00000
    12    -4.354  2.00000
    13    -3.005  2.00000
    14    -3.005  2.00000
    15    -0.567  0.00000
    16    -0.567  0.00000
    17    -0.330  0.00000
    18     4.269  0.00000

 KPT           28  SPIN            1  KWEIGHT    5.8309037900874817E-003
     1   -40.231  2.00000
     2   -40.230  2.00000
     3   -40.230  2.00000
     4   -40.230  2.00000
     5   -40.230  2.00000
     6   -19.243  2.00000
     7   -19.204  2.00000
     8   -19.203  2.00000
     9   -19.195  2.00000
    10   -19.188  2.00000
    11   -12.992  2.00000
    12    -5.699  2.00000
    13    -3.369  2.00000
    14    -3.263  2.00000
    15     0.044  0.00000
    16     0.696  0.00000
    17     1.557  0.00000
    18    12.646  0.00000

 KPT           29  SPIN            1  KWEIGHT    5.8309037900874817E-003
     1   -40.231  2.00000
     2   -40.230  2.00000
     3   -40.230  2.00000
     4   -40.230  2.00000
     5   -40.230  2.00000
     6   -19.259  2.00000
     7   -19.206  2.00000
     8   -19.204  2.00000
     9   -19.190  2.00000
    10   -19.183  2.00000
    11   -12.581  2.00000
    12    -6.477  2.00000
    13    -3.648  2.00000
    14    -3.619  2.00000
    15     1.434  0.00000
    16     4.975  0.00000
    17     5.103  0.00000
    18    15.035  0.00000

 KPT           30  SPIN            1  KWEIGHT    5.8309037900874817E-003
     1   -40.231  2.00000
     2   -40.230  2.00000
     3   -40.230  2.00000
     4   -40.230  2.00000
     5   -40.230  2.00000
     6   -19.262  2.00000
     7   -19.208  2.00000
     8   -19.205  2.00000
     9   -19.186  2.00000
    10   -19.185  2.00000
    11   -12.430  2.00000
    12    -6.632  2.00000
    13    -3.837  2.00000
    14    -3.599  2.00000
    15     1.714  0.00000
    16     7.739  0.00000
    17    11.923  0.00000
    18    15.326  0.00000

 KPT           31  SPIN            1  KWEIGHT    5.8309037900874817E-003
     1   -40.230  2.00000
     2   -40.230  2.00000
     3   -40.230  2.00000
     4   -40.230  2.00000
     5   -40.230  2.00000
     6   -19.252  2.00000
     7   -19.207  2.00000
     8   -19.204  2.00000
     9   -19.191  2.00000
    10   -19.186  2.00000
    11   -12.723  2.00000
    12    -6.283  2.00000
    13    -3.668  2.00000
    14    -3.245  2.00000
    15     0.648  0.00000
    16     3.302  0.00000
    17     3.508  0.00000
    18    17.758  0.00000

 KPT           32  SPIN            1  KWEIGHT    5.8309037900874817E-003
     1   -40.230  2.00000
     2   -40.230  2.00000
     3   -40.230  2.00000
     4   -40.230  2.00000
     5   -40.230  2.00000
     6   -19.233  2.00000
     7   -19.208  2.00000
     8   -19.207  2.00000
     9   -19.194  2.00000
    10   -19.189  2.00000
    11   -13.051  2.00000
    12    -5.279  2.00000
    13    -3.208  2.00000
    14    -2.815  2.00000
    15    -0.726  0.00000
    16    -0.130  0.00000
    17     1.242  0.00000
    18     9.149  0.00000

 KPT           33  SPIN            1  KWEIGHT    5.8309037900874817E-003
     1   -40.230  2.00000
     2   -40.230  2.00000
     3   -40.230  2.00000
     4   -40.230  2.00000
     5   -40.230  2.00000
     6   -19.226  2.00000
     7   -19.207  2.00000
     8   -19.207  2.00000
     9   -19.195  2.00000
    10   -19.191  2.00000
    11   -13.080  2.00000
    12    -4.354  2.00000
    13    -3.005  2.00000
    14    -3.005  2.00000
    15    -0.567  0.00000
    16    -0.567  0.00000
    17    -0.330  0.00000
    18     4.269  0.00000

 KPT           34  SPIN            1  KWEIGHT    5.8309037900874817E-003
     1   -40.230  2.00000
     2   -40.230  2.00000
     3   -40.230  2.00000
     4   -40.230  2.00000
     5   -40.230  2.00000
     6   -19.220  2.00000
     7   -19.211  2.00000
     8   -19.211  2.00000
     9   -19.192  2.00000
    10   -19.192  2.00000
    11   -13.051  2.00000
    12    -4.117  2.00000
    13    -2.723  2.00000
    14    -2.723  2.00000
    15    -0.846  0.00000
    16    -0.846  0.00000
    17    -0.774  0.00000
    18     3.019  0.00000

 KPT           35  SPIN            1  KWEIGHT    5.8309037900874817E-003
     1   -40.230  2.00000
     2   -40.230  2.00000
     3   -40.230  2.00000
     4   -40.230  2.00000
     5   -40.230  2.00000
     6   -19.233  2.00000
     7   -19.208  2.00000
     8   -19.207  2.00000
     9   -19.194  2.00000
    10   -19.189  2.00000
    11   -13.051  2.00000
    12    -5.279  2.00000
    13    -3.208  2.00000
    14    -2.815  2.00000
    15    -0.726  0.00000
    16    -0.130  0.00000
    17     1.242  0.00000
    18     9.149  0.00000

 KPT           36  SPIN            1  KWEIGHT    5.8309037900874817E-003
     1   -40.230  2.00000
     2   -40.230  2.00000
     3   -40.230  2.00000
     4   -40.230  2.00000
     5   -40.230  2.00000
     6   -19.252  2.00000
     7   -19.207  2.00000
     8   -19.204  2.00000
     9   -19.191  2.00000
    10   -19.186  2.00000
    11   -12.723  2.00000
    12    -6.283  2.00000
    13    -3.668  2.00000
    14    -3.245  2.00000
    15     0.648  0.00000
    16     3.302  0.00000
    17     3.508  0.00000
    18    17.758  0.00000

 KPT           37  SPIN            1  KWEIGHT    5.8309037900874817E-003
     1   -40.231  2.00000
     2   -40.230  2.00000
     3   -40.230  2.00000
     4   -40.230  2.00000
     5   -40.230  2.00000
     6   -19.262  2.00000
     7   -19.208  2.00000
     8   -19.205  2.00000
     9   -19.186  2.00000
    10   -19.185  2.00000
    11   -12.430  2.00000
    12    -6.632  2.00000
    13    -3.837  2.00000
    14    -3.599  2.00000
    15     1.714  0.00000
    16     7.739  0.00000
    17    11.923  0.00000
    18    15.326  0.00000

 KPT           38  SPIN            1  KWEIGHT    5.8309037900874817E-003
     1   -40.231  2.00000
     2   -40.230  2.00000
     3   -40.230  2.00000
     4   -40.230  2.00000
     5   -40.230  2.00000
     6   -19.259  2.00000
     7   -19.206  2.00000
     8   -19.204  2.00000
     9   -19.190  2.00000
    10   -19.183  2.00000
    11   -12.581  2.00000
    12    -6.477  2.00000
    13    -3.648  2.00000
    14    -3.619  2.00000
    15     1.434  0.00000
    16     4.975  0.00000
    17     5.103  0.00000
    18    15.035  0.00000

 KPT           39  SPIN            1  KWEIGHT    5.8309037900874817E-003
     1   -40.231  2.00000
     2   -40.230  2.00000
     3   -40.230  2.00000
     4   -40.230  2.00000
     5   -40.230  2.00000
     6   -19.243  2.00000
     7   -19.204  2.00000
     8   -19.203  2.00000
     9   -19.195  2.00000
    10   -19.188  2.00000
    11   -12.992  2.00000
    12    -5.699  2.00000
    13    -3.369  2.00000
    14    -3.263  2.00000
    15     0.044  0.00000
    16     0.696  0.00000
    17     1.557  0.00000
    18    12.646  0.00000

 KPT           40  SPIN            1  KWEIGHT    5.8309037900874817E-003
     1   -40.231  2.00000
     2   -40.230  2.00000
     3   -40.230  2.00000
     4   -40.230  2.00000
     5   -40.230  2.00000
     6   -19.243  2.00000
     7   -19.204  2.00000
     8   -19.203  2.00000
     9   -19.195  2.00000
    10   -19.188  2.00000
    11   -12.992  2.00000
    12    -5.699  2.00000
    13    -3.369  2.00000
    14    -3.263  2.00000
    15     0.044  0.00000
    16     0.696  0.00000
    17     1.557  0.00000
    18    12.646  0.00000

 KPT           41  SPIN            1  KWEIGHT    5.8309037900874817E-003
     1   -40.230  2.00000
     2   -40.230  2.00000
     3   -40.230  2.00000
     4   -40.230  2.00000
     5   -40.230  2.00000
     6   -19.233  2.00000
     7   -19.208  2.00000
     8   -19.207  2.00000
     9   -19.194  2.00000
    10   -19.189  2.00000
    11   -13.051  2.00000
    12    -5.279  2.00000
    13    -3.208  2.00000
    14    -2.815  2.00000
    15    -0.726  0.00000
    16    -0.130  0.00000
    17     1.242  0.00000
    18     9.149  0.00000

 KPT           42  SPIN            1  KWEIGHT    5.8309037900874817E-003
     1   -40.231  2.00000
     2   -40.230  2.00000
     3   -40.230  2.00000
     4   -40.230  2.00000
     5   -40.230  2.00000
     6   -19.243  2.00000
     7   -19.204  2.00000
     8   -19.203  2.00000
     9   -19.195  2.00000
    10   -19.188  2.00000
    11   -12.992  2.00000
    12    -5.699  2.00000
    13    -3.369  2.00000
    14    -3.263  2.00000
    15     0.044  0.00000
    16     0.696  0.00000
    17     1.557  0.00000
    18    12.646  0.00000

 KPT           43  SPIN            1  KWEIGHT    5.8309037900874817E-003
     1   -40.231  2.00000
     2   -40.230  2.00000
     3   -40.230  2.00000
     4   -40.230  2.00000
     5   -40.230  2.00000
     6   -19.258  2.00000
     7   -19.204  2.00000
     8   -19.199  2.00000
     9   -19.193  2.00000
    10   -19.186  2.00000
    11   -12.683  2.00000
    12    -6.418  2.00000
    13    -3.846  2.00000
    14    -3.561  2.00000
    15     1.034  0.00000
    16     2.756  0.00000
    17     4.084  0.00000
    18    15.638  0.00000

 KPT           44  SPIN            1  KWEIGHT    5.8309037900874817E-003
     1   -40.231  2.00000
     2   -40.230  2.00000
     3   -40.230  2.00000
     4   -40.230  2.00000
     5   -40.230  2.00000
     6   -19.265  2.00000
     7   -19.206  2.00000
     8   -19.199  2.00000
     9   -19.190  2.00000
    10   -19.185  2.00000
    11   -12.352  2.00000
    12    -6.790  2.00000
    13    -4.122  2.00000
    14    -3.840  2.00000
    15     2.135  0.00000
    16     5.264  0.00000
    17     9.100  0.00000
    18    17.863  0.00000

 KPT           45  SPIN            1  KWEIGHT    5.8309037900874817E-003
     1   -40.231  2.00000
     2   -40.230  2.00000
     3   -40.230  2.00000
     4   -40.230  2.00000
     5   -40.230  2.00000
     6   -19.265  2.00000
     7   -19.206  2.00000
     8   -19.199  2.00000
     9   -19.190  2.00000
    10   -19.185  2.00000
    11   -12.352  2.00000
    12    -6.790  2.00000
    13    -4.122  2.00000
    14    -3.840  2.00000
    15     2.135  0.00000
    16     5.264  0.00000
    17     9.100  0.00000
    18    17.863  0.00000

 KPT           46  SPIN            1  KWEIGHT    5.8309037900874817E-003
     1   -40.231  2.00000
     2   -40.230  2.00000
     3   -40.230  2.00000
     4   -40.230  2.00000
     5   -40.230  2.00000
     6   -19.258  2.00000
     7   -19.204  2.00000
     8   -19.199  2.00000
     9   -19.193  2.00000
    10   -19.186  2.00000
    11   -12.683  2.00000
    12    -6.418  2.00000
    13    -3.846  2.00000
    14    -3.561  2.00000
    15     1.034  0.00000
    16     2.756  0.00000
    17     4.084  0.00000
    18    15.638  0.00000

 KPT           47  SPIN            1  KWEIGHT    5.8309037900874817E-003
     1   -40.231  2.00000
     2   -40.230  2.00000
     3   -40.230  2.00000
     4   -40.230  2.00000
     5   -40.230  2.00000
     6   -19.259  2.00000
     7   -19.206  2.00000
     8   -19.204  2.00000
     9   -19.190  2.00000
    10   -19.183  2.00000
    11   -12.581  2.00000
    12    -6.477  2.00000
    13    -3.648  2.00000
    14    -3.619  2.00000
    15     1.434  0.00000
    16     4.975  0.00000
    17     5.103  0.00000
    18    15.035  0.00000

 KPT           48  SPIN            1  KWEIGHT    5.8309037900874817E-003
     1   -40.230  2.00000
     2   -40.230  2.00000
     3   -40.230  2.00000
     4   -40.230  2.00000
     5   -40.230  2.00000
     6   -19.252  2.00000
     7   -19.207  2.00000
     8   -19.204  2.00000
     9   -19.191  2.00000
    10   -19.186  2.00000
    11   -12.723  2.00000
    12    -6.283  2.00000
    13    -3.668  2.00000
    14    -3.245  2.00000
    15     0.648  0.00000
    16     3.302  0.00000
    17     3.508  0.00000
    18    17.758  0.00000

 KPT           49  SPIN            1  KWEIGHT    5.8309037900874817E-003
     1   -40.231  2.00000
     2   -40.230  2.00000
     3   -40.230  2.00000
     4   -40.230  2.00000
     5   -40.230  2.00000
     6   -19.258  2.00000
     7   -19.204  2.00000
     8   -19.199  2.00000
     9   -19.193  2.00000
    10   -19.186  2.00000
    11   -12.683  2.00000
    12    -6.418  2.00000
    13    -3.846  2.00000
    14    -3.561  2.00000
    15     1.034  0.00000
    16     2.756  0.00000
    17     4.084  0.00000
    18    15.638  0.00000

 KPT           50  SPIN            1  KWEIGHT    5.8309037900874817E-003
     1   -40.231  2.00000
     2   -40.230  2.00000
     3   -40.230  2.00000
     4   -40.230  2.00000
     5   -40.230  2.00000
     6   -19.270  2.00000
     7   -19.202  2.00000
     8   -19.193  2.00000
     9   -19.191  2.00000
    10   -19.184  2.00000
    11   -12.451  2.00000
    12    -6.706  2.00000
    13    -4.014  2.00000
    14    -3.948  2.00000
    15     1.988  0.00000
    16     4.674  0.00000
    17     4.751  0.00000
    18     9.601  0.00000

 KPT           51  SPIN            1  KWEIGHT    5.8309037900874817E-003
     1   -40.231  2.00000
     2   -40.230  2.00000
     3   -40.230  2.00000
     4   -40.230  2.00000
     5   -40.230  2.00000
     6   -19.274  2.00000
     7   -19.203  2.00000
     8   -19.194  2.00000
     9   -19.187  2.00000
    10   -19.184  2.00000
    11   -12.233  2.00000
    12    -6.938  2.00000
    13    -4.212  2.00000
    14    -4.113  2.00000
    15     2.694  0.00000
    16     4.638  0.00000
    17     6.399  0.00000
    18    14.561  0.00000

 KPT           52  SPIN            1  KWEIGHT    5.8309037900874817E-003
     1   -40.231  2.00000
     2   -40.230  2.00000
     3   -40.230  2.00000
     4   -40.230  2.00000
     5   -40.230  2.00000
     6   -19.271  2.00000
     7   -19.205  2.00000
     8   -19.198  2.00000
     9   -19.189  2.00000
    10   -19.186  2.00000
    11   -12.193  2.00000
    12    -6.965  2.00000
    13    -4.291  2.00000
    14    -4.089  2.00000
    15     2.970  0.00000
    16     4.594  0.00000
    17     6.854  0.00000
    18    31.578  0.00000

 KPT           53  SPIN            1  KWEIGHT    5.8309037900874817E-003
     1   -40.231  2.00000
     2   -40.230  2.00000
     3   -40.230  2.00000
     4   -40.230  2.00000
     5   -40.230  2.00000
     6   -19.265  2.00000
     7   -19.206  2.00000
     8   -19.199  2.00000
     9   -19.190  2.00000
    10   -19.185  2.00000
    11   -12.352  2.00000
    12    -6.790  2.00000
    13    -4.122  2.00000
    14    -3.840  2.00000
    15     2.135  0.00000
    16     5.264  0.00000
    17     9.100  0.00000
    18    17.863  0.00000

 KPT           54  SPIN            1  KWEIGHT    5.8309037900874817E-003
     1   -40.231  2.00000
     2   -40.230  2.00000
     3   -40.230  2.00000
     4   -40.230  2.00000
     5   -40.230  2.00000
     6   -19.262  2.00000
     7   -19.208  2.00000
     8   -19.205  2.00000
     9   -19.186  2.00000
    10   -19.185  2.00000
    11   -12.430  2.00000
    12    -6.632  2.00000
    13    -3.837  2.00000
    14    -3.599  2.00000
    15     1.714  0.00000
    16     7.739  0.00000
    17    11.923  0.00000
    18    15.326  0.00000

 KPT           55  SPIN            1  KWEIGHT    5.8309037900874817E-003
     1   -40.231  2.00000
     2   -40.230  2.00000
     3   -40.230  2.00000
     4   -40.230  2.00000
     5   -40.230  2.00000
     6   -19.262  2.00000
     7   -19.208  2.00000
     8   -19.205  2.00000
     9   -19.186  2.00000
    10   -19.185  2.00000
    11   -12.430  2.00000
    12    -6.632  2.00000
    13    -3.837  2.00000
    14    -3.599  2.00000
    15     1.714  0.00000
    16     7.739  0.00000
    17    11.923  0.00000
    18    15.326  0.00000

 KPT           56  SPIN            1  KWEIGHT    5.8309037900874817E-003
     1   -40.231  2.00000
     2   -40.230  2.00000
     3   -40.230  2.00000
     4   -40.230  2.00000
     5   -40.230  2.00000
     6   -19.265  2.00000
     7   -19.206  2.00000
     8   -19.199  2.00000
     9   -19.190  2.00000
    10   -19.185  2.00000
    11   -12.352  2.00000
    12    -6.790  2.00000
    13    -4.122  2.00000
    14    -3.840  2.00000
    15     2.135  0.00000
    16     5.264  0.00000
    17     9.100  0.00000
    18    17.863  0.00000

 KPT           57  SPIN            1  KWEIGHT    5.8309037900874817E-003
     1   -40.231  2.00000
     2   -40.230  2.00000
     3   -40.230  2.00000
     4   -40.230  2.00000
     5   -40.230  2.00000
     6   -19.274  2.00000
     7   -19.203  2.00000
     8   -19.194  2.00000
     9   -19.187  2.00000
    10   -19.184  2.00000
    11   -12.233  2.00000
    12    -6.938  2.00000
    13    -4.212  2.00000
    14    -4.113  2.00000
    15     2.694  0.00000
    16     4.638  0.00000
    17     6.399  0.00000
    18    14.561  0.00000

 KPT           58  SPIN            1  KWEIGHT    5.8309037900874817E-003
     1   -40.231  2.00000
     2   -40.230  2.00000
     3   -40.230  2.00000
     4   -40.230  2.00000
     5   -40.230  2.00000
     6   -19.279  2.00000
     7   -19.204  2.00000
     8   -19.187  2.00000
     9   -19.187  2.00000
    10   -19.184  2.00000
    11   -12.176  2.00000
    12    -6.984  2.00000
    13    -4.253  2.00000
    14    -4.158  2.00000
    15     2.924  0.00000
    16     3.833  0.00000
    17     8.663  0.00000
    18     8.859  0.00000

 KPT           59  SPIN            1  KWEIGHT    5.8309037900874817E-003
     1   -40.231  2.00000
     2   -40.230  2.00000
     3   -40.230  2.00000
     4   -40.230  2.00000
     5   -40.230  2.00000
     6   -19.274  2.00000
     7   -19.203  2.00000
     8   -19.194  2.00000
     9   -19.187  2.00000
    10   -19.184  2.00000
    11   -12.233  2.00000
    12    -6.938  2.00000
    13    -4.212  2.00000
    14    -4.113  2.00000
    15     2.694  0.00000
    16     4.638  0.00000
    17     6.399  0.00000
    18    14.561  0.00000

 KPT           60  SPIN            1  KWEIGHT    5.8309037900874817E-003
     1   -40.231  2.00000
     2   -40.230  2.00000
     3   -40.230  2.00000
     4   -40.230  2.00000
     5   -40.230  2.00000
     6   -19.265  2.00000
     7   -19.206  2.00000
     8   -19.199  2.00000
     9   -19.190  2.00000
    10   -19.185  2.00000
    11   -12.352  2.00000
    12    -6.790  2.00000
    13    -4.122  2.00000
    14    -3.840  2.00000
    15     2.135  0.00000
    16     5.264  0.00000
    17     9.100  0.00000
    18    17.863  0.00000

 KPT           61  SPIN            1  KWEIGHT    5.8309037900874817E-003
     1   -40.230  2.00000
     2   -40.230  2.00000
     3   -40.230  2.00000
     4   -40.230  2.00000
     5   -40.230  2.00000
     6   -19.252  2.00000
     7   -19.207  2.00000
     8   -19.204  2.00000
     9   -19.191  2.00000
    10   -19.186  2.00000
    11   -12.723  2.00000
    12    -6.283  2.00000
    13    -3.668  2.00000
    14    -3.245  2.00000
    15     0.648  0.00000
    16     3.302  0.00000
    17     3.508  0.00000
    18    17.758  0.00000

 KPT           62  SPIN            1  KWEIGHT    5.8309037900874817E-003
     1   -40.231  2.00000
     2   -40.230  2.00000
     3   -40.230  2.00000
     4   -40.230  2.00000
     5   -40.230  2.00000
     6   -19.259  2.00000
     7   -19.206  2.00000
     8   -19.204  2.00000
     9   -19.190  2.00000
    10   -19.183  2.00000
    11   -12.581  2.00000
    12    -6.477  2.00000
    13    -3.648  2.00000
    14    -3.619  2.00000
    15     1.434  0.00000
    16     4.975  0.00000
    17     5.103  0.00000
    18    15.035  0.00000

 KPT           63  SPIN            1  KWEIGHT    5.8309037900874817E-003
     1   -40.231  2.00000
     2   -40.230  2.00000
     3   -40.230  2.00000
     4   -40.230  2.00000
     5   -40.230  2.00000
     6   -19.265  2.00000
     7   -19.206  2.00000
     8   -19.199  2.00000
     9   -19.190  2.00000
    10   -19.185  2.00000
    11   -12.352  2.00000
    12    -6.790  2.00000
    13    -4.122  2.00000
    14    -3.840  2.00000
    15     2.135  0.00000
    16     5.264  0.00000
    17     9.100  0.00000
    18    17.863  0.00000

 KPT           64  SPIN            1  KWEIGHT    5.8309037900874817E-003
     1   -40.231  2.00000
     2   -40.230  2.00000
     3   -40.230  2.00000
     4   -40.230  2.00000
     5   -40.230  2.00000
     6   -19.271  2.00000
     7   -19.205  2.00000
     8   -19.198  2.00000
     9   -19.189  2.00000
    10   -19.186  2.00000
    11   -12.193  2.00000
    12    -6.965  2.00000
    13    -4.291  2.00000
    14    -4.089  2.00000
    15     2.970  0.00000
    16     4.594  0.00000
    17     6.854  0.00000
    18    31.578  0.00000

 KPT           65  SPIN            1  KWEIGHT    5.8309037900874817E-003
     1   -40.231  2.00000
     2   -40.230  2.00000
     3   -40.230  2.00000
     4   -40.230  2.00000
     5   -40.230  2.00000
     6   -19.274  2.00000
     7   -19.203  2.00000
     8   -19.194  2.00000
     9   -19.187  2.00000
    10   -19.184  2.00000
    11   -12.233  2.00000
    12    -6.938  2.00000
    13    -4.212  2.00000
    14    -4.113  2.00000
    15     2.694  0.00000
    16     4.638  0.00000
    17     6.399  0.00000
    18    14.561  0.00000

 KPT           66  SPIN            1  KWEIGHT    5.8309037900874817E-003
     1   -40.231  2.00000
     2   -40.230  2.00000
     3   -40.230  2.00000
     4   -40.230  2.00000
     5   -40.230  2.00000
     6   -19.270  2.00000
     7   -19.202  2.00000
     8   -19.193  2.00000
     9   -19.191  2.00000
    10   -19.184  2.00000
    11   -12.451  2.00000
    12    -6.706  2.00000
    13    -4.014  2.00000
    14    -3.948  2.00000
    15     1.988  0.00000
    16     4.674  0.00000
    17     4.751  0.00000
    18     9.601  0.00000

 KPT           67  SPIN            1  KWEIGHT    5.8309037900874817E-003
     1   -40.231  2.00000
     2   -40.230  2.00000
     3   -40.230  2.00000
     4   -40.230  2.00000
     5   -40.230  2.00000
     6   -19.258  2.00000
     7   -19.204  2.00000
     8   -19.199  2.00000
     9   -19.193  2.00000
    10   -19.186  2.00000
    11   -12.683  2.00000
    12    -6.418  2.00000
    13    -3.846  2.00000
    14    -3.561  2.00000
    15     1.034  0.00000
    16     2.756  0.00000
    17     4.084  0.00000
    18    15.638  0.00000

 KPT           68  SPIN            1  KWEIGHT    5.8309037900874817E-003
     1   -40.230  2.00000
     2   -40.230  2.00000
     3   -40.230  2.00000
     4   -40.230  2.00000
     5   -40.230  2.00000
     6   -19.233  2.00000
     7   -19.208  2.00000
     8   -19.207  2.00000
     9   -19.194  2.00000
    10   -19.189  2.00000
    11   -13.051  2.00000
    12    -5.279  2.00000
    13    -3.208  2.00000
    14    -2.815  2.00000
    15    -0.726  0.00000
    16    -0.130  0.00000
    17     1.242  0.00000
    18     9.149  0.00000

 KPT           69  SPIN            1  KWEIGHT    5.8309037900874817E-003
     1   -40.231  2.00000
     2   -40.230  2.00000
     3   -40.230  2.00000
     4   -40.230  2.00000
     5   -40.230  2.00000
     6   -19.243  2.00000
     7   -19.204  2.00000
     8   -19.203  2.00000
     9   -19.195  2.00000
    10   -19.188  2.00000
    11   -12.992  2.00000
    12    -5.699  2.00000
    13    -3.369  2.00000
    14    -3.263  2.00000
    15     0.044  0.00000
    16     0.696  0.00000
    17     1.557  0.00000
    18    12.646  0.00000

 KPT           70  SPIN            1  KWEIGHT    5.8309037900874817E-003
     1   -40.231  2.00000
     2   -40.230  2.00000
     3   -40.230  2.00000
     4   -40.230  2.00000
     5   -40.230  2.00000
     6   -19.258  2.00000
     7   -19.204  2.00000
     8   -19.199  2.00000
     9   -19.193  2.00000
    10   -19.186  2.00000
    11   -12.683  2.00000
    12    -6.418  2.00000
    13    -3.846  2.00000
    14    -3.561  2.00000
    15     1.034  0.00000
    16     2.756  0.00000
    17     4.084  0.00000
    18    15.638  0.00000

 KPT           71  SPIN            1  KWEIGHT    5.8309037900874817E-003
     1   -40.231  2.00000
     2   -40.230  2.00000
     3   -40.230  2.00000
     4   -40.230  2.00000
     5   -40.230  2.00000
     6   -19.265  2.00000
     7   -19.206  2.00000
     8   -19.199  2.00000
     9   -19.190  2.00000
    10   -19.185  2.00000
    11   -12.352  2.00000
    12    -6.790  2.00000
    13    -4.122  2.00000
    14    -3.840  2.00000
    15     2.135  0.00000
    16     5.264  0.00000
    17     9.100  0.00000
    18    17.863  0.00000

 KPT           72  SPIN            1  KWEIGHT    5.8309037900874817E-003
     1   -40.231  2.00000
     2   -40.230  2.00000
     3   -40.230  2.00000
     4   -40.230  2.00000
     5   -40.230  2.00000
     6   -19.265  2.00000
     7   -19.206  2.00000
     8   -19.199  2.00000
     9   -19.190  2.00000
    10   -19.185  2.00000
    11   -12.352  2.00000
    12    -6.790  2.00000
    13    -4.122  2.00000
    14    -3.840  2.00000
    15     2.135  0.00000
    16     5.264  0.00000
    17     9.100  0.00000
    18    17.863  0.00000

 KPT           73  SPIN            1  KWEIGHT    5.8309037900874817E-003
     1   -40.231  2.00000
     2   -40.230  2.00000
     3   -40.230  2.00000
     4   -40.230  2.00000
     5   -40.230  2.00000
     6   -19.258  2.00000
     7   -19.204  2.00000
     8   -19.199  2.00000
     9   -19.193  2.00000
    10   -19.186  2.00000
    11   -12.683  2.00000
    12    -6.418  2.00000
    13    -3.846  2.00000
    14    -3.561  2.00000
    15     1.034  0.00000
    16     2.756  0.00000
    17     4.084  0.00000
    18    15.638  0.00000

 KPT           74  SPIN            1  KWEIGHT    5.8309037900874817E-003
     1   -40.231  2.00000
     2   -40.230  2.00000
     3   -40.230  2.00000
     4   -40.230  2.00000
     5   -40.230  2.00000
     6   -19.243  2.00000
     7   -19.204  2.00000
     8   -19.203  2.00000
     9   -19.195  2.00000
    10   -19.188  2.00000
    11   -12.992  2.00000
    12    -5.699  2.00000
    13    -3.369  2.00000
    14    -3.263  2.00000
    15     0.044  0.00000
    16     0.696  0.00000
    17     1.557  0.00000
    18    12.646  0.00000

 KPT           75  SPIN            1  KWEIGHT    5.8309037900874817E-003
     1   -40.230  2.00000
     2   -40.230  2.00000
     3   -40.230  2.00000
     4   -40.230  2.00000
     5   -40.230  2.00000
     6   -19.240  2.00000
     7   -19.208  2.00000
     8   -19.208  2.00000
     9   -19.189  2.00000
    10   -19.189  2.00000
    11   -12.918  2.00000
    12    -5.740  2.00000
    13    -3.101  2.00000
    14    -3.101  2.00000
    15     0.686  0.00000
    16     0.901  0.00000
    17     0.901  0.00000
    18    12.185  0.00000

 KPT           76  SPIN            1  KWEIGHT    5.8309037900874817E-003
     1   -40.231  2.00000
     2   -40.230  2.00000
     3   -40.230  2.00000
     4   -40.230  2.00000
     5   -40.230  2.00000
     6   -19.243  2.00000
     7   -19.204  2.00000
     8   -19.203  2.00000
     9   -19.195  2.00000
    10   -19.188  2.00000
    11   -12.992  2.00000
    12    -5.699  2.00000
    13    -3.369  2.00000
    14    -3.263  2.00000
    15     0.044  0.00000
    16     0.696  0.00000
    17     1.557  0.00000
    18    12.646  0.00000

 KPT           77  SPIN            1  KWEIGHT    5.8309037900874817E-003
     1   -40.231  2.00000
     2   -40.230  2.00000
     3   -40.230  2.00000
     4   -40.230  2.00000
     5   -40.230  2.00000
     6   -19.259  2.00000
     7   -19.200  2.00000
     8   -19.194  2.00000
     9   -19.194  2.00000
    10   -19.187  2.00000
    11   -12.818  2.00000
    12    -6.210  2.00000
    13    -3.721  2.00000
    14    -3.721  2.00000
    15     1.660  0.00000
    16     1.675  0.00000
    17     1.675  0.00000
    18    13.465  0.00000

 KPT           78  SPIN            1  KWEIGHT    5.8309037900874817E-003
     1   -40.231  2.00000
     2   -40.230  2.00000
     3   -40.230  2.00000
     4   -40.230  2.00000
     5   -40.230  2.00000
     6   -19.270  2.00000
     7   -19.202  2.00000
     8   -19.193  2.00000
     9   -19.191  2.00000
    10   -19.184  2.00000
    11   -12.451  2.00000
    12    -6.706  2.00000
    13    -4.014  2.00000
    14    -3.948  2.00000
    15     1.988  0.00000
    16     4.674  0.00000
    17     4.751  0.00000
    18     9.601  0.00000

 KPT           79  SPIN            1  KWEIGHT    5.8309037900874817E-003
     1   -40.231  2.00000
     2   -40.230  2.00000
     3   -40.230  2.00000
     4   -40.230  2.00000
     5   -40.230  2.00000
     6   -19.270  2.00000
     7   -19.205  2.00000
     8   -19.195  2.00000
     9   -19.191  2.00000
    10   -19.185  2.00000
    11   -12.262  2.00000
    12    -6.873  2.00000
    13    -4.225  2.00000
    14    -3.955  2.00000
    15     2.389  0.00000
    16     5.509  0.00000
    17    11.850  0.00000
    18    12.437  0.00000

 KPT           80  SPIN            1  KWEIGHT    5.8309037900874817E-003
     1   -40.231  2.00000
     2   -40.230  2.00000
     3   -40.230  2.00000
     4   -40.230  2.00000
     5   -40.230  2.00000
     6   -19.262  2.00000
     7   -19.207  2.00000
     8   -19.198  2.00000
     9   -19.190  2.00000
    10   -19.188  2.00000
    11   -12.398  2.00000
    12    -6.731  2.00000
    13    -4.144  2.00000
    14    -3.679  2.00000
    15     1.649  0.00000
    16     4.953  0.00000
    17    11.343  0.00000
    18    17.770  0.00000

 KPT           81  SPIN            1  KWEIGHT    5.8309037900874817E-003
     1   -40.230  2.00000
     2   -40.230  2.00000
     3   -40.230  2.00000
     4   -40.230  2.00000
     5   -40.230  2.00000
     6   -19.252  2.00000
     7   -19.207  2.00000
     8   -19.204  2.00000
     9   -19.191  2.00000
    10   -19.186  2.00000
    11   -12.723  2.00000
    12    -6.283  2.00000
    13    -3.668  2.00000
    14    -3.245  2.00000
    15     0.648  0.00000
    16     3.302  0.00000
    17     3.508  0.00000
    18    17.758  0.00000

 KPT           82  SPIN            1  KWEIGHT    5.8309037900874817E-003
     1   -40.231  2.00000
     2   -40.230  2.00000
     3   -40.230  2.00000
     4   -40.230  2.00000
     5   -40.230  2.00000
     6   -19.243  2.00000
     7   -19.204  2.00000
     8   -19.203  2.00000
     9   -19.195  2.00000
    10   -19.188  2.00000
    11   -12.992  2.00000
    12    -5.699  2.00000
    13    -3.369  2.00000
    14    -3.263  2.00000
    15     0.044  0.00000
    16     0.696  0.00000
    17     1.557  0.00000
    18    12.646  0.00000

 KPT           83  SPIN            1  KWEIGHT    5.8309037900874817E-003
     1   -40.230  2.00000
     2   -40.230  2.00000
     3   -40.230  2.00000
     4   -40.230  2.00000
     5   -40.230  2.00000
     6   -19.233  2.00000
     7   -19.208  2.00000
     8   -19.207  2.00000
     9   -19.194  2.00000
    10   -19.189  2.00000
    11   -13.051  2.00000
    12    -5.279  2.00000
    13    -3.208  2.00000
    14    -2.815  2.00000
    15    -0.726  0.00000
    16    -0.130  0.00000
    17     1.242  0.00000
    18     9.149  0.00000

 KPT           84  SPIN            1  KWEIGHT    5.8309037900874817E-003
     1   -40.231  2.00000
     2   -40.230  2.00000
     3   -40.230  2.00000
     4   -40.230  2.00000
     5   -40.230  2.00000
     6   -19.243  2.00000
     7   -19.204  2.00000
     8   -19.203  2.00000
     9   -19.195  2.00000
    10   -19.188  2.00000
    11   -12.992  2.00000
    12    -5.699  2.00000
    13    -3.369  2.00000
    14    -3.263  2.00000
    15     0.044  0.00000
    16     0.696  0.00000
    17     1.557  0.00000
    18    12.646  0.00000

 KPT           85  SPIN            1  KWEIGHT    5.8309037900874817E-003
     1   -40.231  2.00000
     2   -40.230  2.00000
     3   -40.230  2.00000
     4   -40.230  2.00000
     5   -40.230  2.00000
     6   -19.258  2.00000
     7   -19.204  2.00000
     8   -19.199  2.00000
     9   -19.193  2.00000
    10   -19.186  2.00000
    11   -12.683  2.00000
    12    -6.418  2.00000
    13    -3.846  2.00000
    14    -3.561  2.00000
    15     1.034  0.00000
    16     2.756  0.00000
    17     4.084  0.00000
    18    15.638  0.00000

 KPT           86  SPIN            1  KWEIGHT    5.8309037900874817E-003
     1   -40.231  2.00000
     2   -40.230  2.00000
     3   -40.230  2.00000
     4   -40.230  2.00000
     5   -40.230  2.00000
     6   -19.265  2.00000
     7   -19.206  2.00000
     8   -19.199  2.00000
     9   -19.190  2.00000
    10   -19.185  2.00000
    11   -12.352  2.00000
    12    -6.790  2.00000
    13    -4.122  2.00000
    14    -3.840  2.00000
    15     2.135  0.00000
    16     5.264  0.00000
    17     9.100  0.00000
    18    17.863  0.00000

 KPT           87  SPIN            1  KWEIGHT    5.8309037900874817E-003
     1   -40.231  2.00000
     2   -40.230  2.00000
     3   -40.230  2.00000
     4   -40.230  2.00000
     5   -40.230  2.00000
     6   -19.265  2.00000
     7   -19.206  2.00000
     8   -19.199  2.00000
     9   -19.190  2.00000
    10   -19.185  2.00000
    11   -12.352  2.00000
    12    -6.790  2.00000
    13    -4.122  2.00000
    14    -3.840  2.00000
    15     2.135  0.00000
    16     5.264  0.00000
    17     9.100  0.00000
    18    17.863  0.00000

 KPT           88  SPIN            1  KWEIGHT    5.8309037900874817E-003
     1   -40.231  2.00000
     2   -40.230  2.00000
     3   -40.230  2.00000
     4   -40.230  2.00000
     5   -40.230  2.00000
     6   -19.258  2.00000
     7   -19.204  2.00000
     8   -19.199  2.00000
     9   -19.193  2.00000
    10   -19.186  2.00000
    11   -12.683  2.00000
    12    -6.418  2.00000
    13    -3.846  2.00000
    14    -3.561  2.00000
    15     1.034  0.00000
    16     2.756  0.00000
    17     4.084  0.00000
    18    15.638  0.00000

 KPT           89  SPIN            1  KWEIGHT    5.8309037900874817E-003
     1   -40.231  2.00000
     2   -40.230  2.00000
     3   -40.230  2.00000
     4   -40.230  2.00000
     5   -40.230  2.00000
     6   -19.259  2.00000
     7   -19.200  2.00000
     8   -19.194  2.00000
     9   -19.194  2.00000
    10   -19.187  2.00000
    11   -12.818  2.00000
    12    -6.210  2.00000
    13    -3.721  2.00000
    14    -3.721  2.00000
    15     1.660  0.00000
    16     1.675  0.00000
    17     1.675  0.00000
    18    13.465  0.00000

 KPT           90  SPIN            1  KWEIGHT    5.8309037900874817E-003
     1   -40.231  2.00000
     2   -40.230  2.00000
     3   -40.230  2.00000
     4   -40.230  2.00000
     5   -40.230  2.00000
     6   -19.243  2.00000
     7   -19.204  2.00000
     8   -19.203  2.00000
     9   -19.195  2.00000
    10   -19.188  2.00000
    11   -12.992  2.00000
    12    -5.699  2.00000
    13    -3.369  2.00000
    14    -3.263  2.00000
    15     0.044  0.00000
    16     0.696  0.00000
    17     1.557  0.00000
    18    12.646  0.00000

 KPT           91  SPIN            1  KWEIGHT    5.8309037900874817E-003
     1   -40.230  2.00000
     2   -40.230  2.00000
     3   -40.230  2.00000
     4   -40.230  2.00000
     5   -40.230  2.00000
     6   -19.240  2.00000
     7   -19.208  2.00000
     8   -19.208  2.00000
     9   -19.189  2.00000
    10   -19.189  2.00000
    11   -12.918  2.00000
    12    -5.740  2.00000
    13    -3.101  2.00000
    14    -3.101  2.00000
    15     0.686  0.00000
    16     0.901  0.00000
    17     0.901  0.00000
    18    12.185  0.00000

 KPT           92  SPIN            1  KWEIGHT    5.8309037900874817E-003
     1   -40.230  2.00000
     2   -40.230  2.00000
     3   -40.230  2.00000
     4   -40.230  2.00000
     5   -40.230  2.00000
     6   -19.252  2.00000
     7   -19.207  2.00000
     8   -19.204  2.00000
     9   -19.191  2.00000
    10   -19.186  2.00000
    11   -12.723  2.00000
    12    -6.283  2.00000
    13    -3.668  2.00000
    14    -3.245  2.00000
    15     0.648  0.00000
    16     3.302  0.00000
    17     3.508  0.00000
    18    17.758  0.00000

 KPT           93  SPIN            1  KWEIGHT    5.8309037900874817E-003
     1   -40.231  2.00000
     2   -40.230  2.00000
     3   -40.230  2.00000
     4   -40.230  2.00000
     5   -40.230  2.00000
     6   -19.262  2.00000
     7   -19.207  2.00000
     8   -19.198  2.00000
     9   -19.190  2.00000
    10   -19.188  2.00000
    11   -12.398  2.00000
    12    -6.731  2.00000
    13    -4.144  2.00000
    14    -3.679  2.00000
    15     1.649  0.00000
    16     4.953  0.00000
    17    11.343  0.00000
    18    17.770  0.00000

 KPT           94  SPIN            1  KWEIGHT    5.8309037900874817E-003
     1   -40.231  2.00000
     2   -40.230  2.00000
     3   -40.230  2.00000
     4   -40.230  2.00000
     5   -40.230  2.00000
     6   -19.270  2.00000
     7   -19.205  2.00000
     8   -19.195  2.00000
     9   -19.191  2.00000
    10   -19.185  2.00000
    11   -12.262  2.00000
    12    -6.873  2.00000
    13    -4.225  2.00000
    14    -3.955  2.00000
    15     2.389  0.00000
    16     5.509  0.00000
    17    11.850  0.00000
    18    12.437  0.00000

 KPT           95  SPIN            1  KWEIGHT    5.8309037900874817E-003
     1   -40.231  2.00000
     2   -40.230  2.00000
     3   -40.230  2.00000
     4   -40.230  2.00000
     5   -40.230  2.00000
     6   -19.270  2.00000
     7   -19.202  2.00000
     8   -19.193  2.00000
     9   -19.191  2.00000
    10   -19.184  2.00000
    11   -12.451  2.00000
    12    -6.706  2.00000
    13    -4.014  2.00000
    14    -3.948  2.00000
    15     1.988  0.00000
    16     4.674  0.00000
    17     4.751  0.00000
    18     9.601  0.00000

 KPT           96  SPIN            1  KWEIGHT    5.8309037900874817E-003
     1   -40.231  2.00000
     2   -40.230  2.00000
     3   -40.230  2.00000
     4   -40.230  2.00000
     5   -40.230  2.00000
     6   -19.270  2.00000
     7   -19.202  2.00000
     8   -19.193  2.00000
     9   -19.191  2.00000
    10   -19.184  2.00000
    11   -12.451  2.00000
    12    -6.706  2.00000
    13    -4.014  2.00000
    14    -3.948  2.00000
    15     1.988  0.00000
    16     4.674  0.00000
    17     4.751  0.00000
    18     9.601  0.00000

 KPT           97  SPIN            1  KWEIGHT    5.8309037900874817E-003
     1   -40.231  2.00000
     2   -40.230  2.00000
     3   -40.230  2.00000
     4   -40.230  2.00000
     5   -40.230  2.00000
     6   -19.258  2.00000
     7   -19.204  2.00000
     8   -19.199  2.00000
     9   -19.193  2.00000
    10   -19.186  2.00000
    11   -12.683  2.00000
    12    -6.418  2.00000
    13    -3.846  2.00000
    14    -3.561  2.00000
    15     1.034  0.00000
    16     2.756  0.00000
    17     4.084  0.00000
    18    15.638  0.00000

 KPT           98  SPIN            1  KWEIGHT    5.8309037900874817E-003
     1   -40.230  2.00000
     2   -40.230  2.00000
     3   -40.230  2.00000
     4   -40.230  2.00000
     5   -40.230  2.00000
     6   -19.252  2.00000
     7   -19.207  2.00000
     8   -19.204  2.00000
     9   -19.191  2.00000
    10   -19.186  2.00000
    11   -12.723  2.00000
    12    -6.283  2.00000
    13    -3.668  2.00000
    14    -3.245  2.00000
    15     0.648  0.00000
    16     3.302  0.00000
    17     3.508  0.00000
    18    17.758  0.00000

 KPT           99  SPIN            1  KWEIGHT    5.8309037900874817E-003
     1   -40.231  2.00000
     2   -40.230  2.00000
     3   -40.230  2.00000
     4   -40.230  2.00000
     5   -40.230  2.00000
     6   -19.259  2.00000
     7   -19.206  2.00000
     8   -19.204  2.00000
     9   -19.190  2.00000
    10   -19.183  2.00000
    11   -12.581  2.00000
    12    -6.477  2.00000
    13    -3.648  2.00000
    14    -3.619  2.00000
    15     1.434  0.00000
    16     4.975  0.00000
    17     5.103  0.00000
    18    15.035  0.00000

 KPT          100  SPIN            1  KWEIGHT    5.8309037900874817E-003
     1   -40.231  2.00000
     2   -40.230  2.00000
     3   -40.230  2.00000
     4   -40.230  2.00000
     5   -40.230  2.00000
     6   -19.265  2.00000
     7   -19.206  2.00000
     8   -19.199  2.00000
     9   -19.190  2.00000
    10   -19.185  2.00000
    11   -12.352  2.00000
    12    -6.790  2.00000
    13    -4.122  2.00000
    14    -3.840  2.00000
    15     2.135  0.00000
    16     5.264  0.00000
    17     9.100  0.00000
    18    17.863  0.00000

 KPT          101  SPIN            1  KWEIGHT    5.8309037900874817E-003
     1   -40.231  2.00000
     2   -40.230  2.00000
     3   -40.230  2.00000
     4   -40.230  2.00000
     5   -40.230  2.00000
     6   -19.271  2.00000
     7   -19.205  2.00000
     8   -19.198  2.00000
     9   -19.189  2.00000
    10   -19.186  2.00000
    11   -12.193  2.00000
    12    -6.965  2.00000
    13    -4.291  2.00000
    14    -4.089  2.00000
    15     2.970  0.00000
    16     4.594  0.00000
    17     6.854  0.00000
    18    31.578  0.00000

 KPT          102  SPIN            1  KWEIGHT    5.8309037900874817E-003
     1   -40.231  2.00000
     2   -40.230  2.00000
     3   -40.230  2.00000
     4   -40.230  2.00000
     5   -40.230  2.00000
     6   -19.274  2.00000
     7   -19.203  2.00000
     8   -19.194  2.00000
     9   -19.187  2.00000
    10   -19.184  2.00000
    11   -12.233  2.00000
    12    -6.938  2.00000
    13    -4.212  2.00000
    14    -4.113  2.00000
    15     2.694  0.00000
    16     4.638  0.00000
    17     6.399  0.00000
    18    14.561  0.00000

 KPT          103  SPIN            1  KWEIGHT    5.8309037900874817E-003
     1   -40.231  2.00000
     2   -40.230  2.00000
     3   -40.230  2.00000
     4   -40.230  2.00000
     5   -40.230  2.00000
     6   -19.270  2.00000
     7   -19.205  2.00000
     8   -19.195  2.00000
     9   -19.191  2.00000
    10   -19.185  2.00000
    11   -12.262  2.00000
    12    -6.873  2.00000
    13    -4.225  2.00000
    14    -3.955  2.00000
    15     2.389  0.00000
    16     5.509  0.00000
    17    11.850  0.00000
    18    12.437  0.00000

 KPT          104  SPIN            1  KWEIGHT    5.8309037900874817E-003
     1   -40.231  2.00000
     2   -40.230  2.00000
     3   -40.230  2.00000
     4   -40.230  2.00000
     5   -40.230  2.00000
     6   -19.265  2.00000
     7   -19.206  2.00000
     8   -19.199  2.00000
     9   -19.190  2.00000
    10   -19.185  2.00000
    11   -12.352  2.00000
    12    -6.790  2.00000
    13    -4.122  2.00000
    14    -3.840  2.00000
    15     2.135  0.00000
    16     5.264  0.00000
    17     9.100  0.00000
    18    17.863  0.00000

 KPT          105  SPIN            1  KWEIGHT    5.8309037900874817E-003
     1   -40.231  2.00000
     2   -40.230  2.00000
     3   -40.230  2.00000
     4   -40.230  2.00000
     5   -40.230  2.00000
     6   -19.262  2.00000
     7   -19.207  2.00000
     8   -19.198  2.00000
     9   -19.190  2.00000
    10   -19.188  2.00000
    11   -12.398  2.00000
    12    -6.731  2.00000
    13    -4.144  2.00000
    14    -3.679  2.00000
    15     1.649  0.00000
    16     4.953  0.00000
    17    11.343  0.00000
    18    17.770  0.00000

 KPT          106  SPIN            1  KWEIGHT    5.8309037900874817E-003
     1   -40.231  2.00000
     2   -40.230  2.00000
     3   -40.230  2.00000
     4   -40.230  2.00000
     5   -40.230  2.00000
     6   -19.265  2.00000
     7   -19.206  2.00000
     8   -19.199  2.00000
     9   -19.190  2.00000
    10   -19.185  2.00000
    11   -12.352  2.00000
    12    -6.790  2.00000
    13    -4.122  2.00000
    14    -3.840  2.00000
    15     2.135  0.00000
    16     5.264  0.00000
    17     9.100  0.00000
    18    17.863  0.00000

 KPT          107  SPIN            1  KWEIGHT    5.8309037900874817E-003
     1   -40.231  2.00000
     2   -40.230  2.00000
     3   -40.230  2.00000
     4   -40.230  2.00000
     5   -40.230  2.00000
     6   -19.270  2.00000
     7   -19.205  2.00000
     8   -19.195  2.00000
     9   -19.191  2.00000
    10   -19.185  2.00000
    11   -12.262  2.00000
    12    -6.873  2.00000
    13    -4.225  2.00000
    14    -3.955  2.00000
    15     2.389  0.00000
    16     5.509  0.00000
    17    11.850  0.00000
    18    12.437  0.00000

 KPT          108  SPIN            1  KWEIGHT    5.8309037900874817E-003
     1   -40.231  2.00000
     2   -40.230  2.00000
     3   -40.230  2.00000
     4   -40.230  2.00000
     5   -40.230  2.00000
     6   -19.271  2.00000
     7   -19.205  2.00000
     8   -19.198  2.00000
     9   -19.189  2.00000
    10   -19.186  2.00000
    11   -12.193  2.00000
    12    -6.965  2.00000
    13    -4.291  2.00000
    14    -4.089  2.00000
    15     2.970  0.00000
    16     4.594  0.00000
    17     6.854  0.00000
    18    31.578  0.00000

 KPT          109  SPIN            1  KWEIGHT    5.8309037900874817E-003
     1   -40.231  2.00000
     2   -40.230  2.00000
     3   -40.230  2.00000
     4   -40.230  2.00000
     5   -40.230  2.00000
     6   -19.271  2.00000
     7   -19.205  2.00000
     8   -19.198  2.00000
     9   -19.189  2.00000
    10   -19.186  2.00000
    11   -12.193  2.00000
    12    -6.965  2.00000
    13    -4.291  2.00000
    14    -4.089  2.00000
    15     2.970  0.00000
    16     4.594  0.00000
    17     6.854  0.00000
    18    31.578  0.00000

 KPT          110  SPIN            1  KWEIGHT    5.8309037900874817E-003
     1   -40.231  2.00000
     2   -40.230  2.00000
     3   -40.230  2.00000
     4   -40.230  2.00000
     5   -40.230  2.00000
     6   -19.262  2.00000
     7   -19.207  2.00000
     8   -19.198  2.00000
     9   -19.190  2.00000
    10   -19.188  2.00000
    11   -12.398  2.00000
    12    -6.731  2.00000
    13    -4.144  2.00000
    14    -3.679  2.00000
    15     1.649  0.00000
    16     4.953  0.00000
    17    11.343  0.00000
    18    17.770  0.00000

 KPT          111  SPIN            1  KWEIGHT    5.8309037900874817E-003
     1   -40.231  2.00000
     2   -40.230  2.00000
     3   -40.230  2.00000
     4   -40.230  2.00000
     5   -40.230  2.00000
     6   -19.265  2.00000
     7   -19.206  2.00000
     8   -19.199  2.00000
     9   -19.190  2.00000
    10   -19.185  2.00000
    11   -12.352  2.00000
    12    -6.790  2.00000
    13    -4.122  2.00000
    14    -3.840  2.00000
    15     2.135  0.00000
    16     5.264  0.00000
    17     9.100  0.00000
    18    17.863  0.00000

 KPT          112  SPIN            1  KWEIGHT    5.8309037900874817E-003
     1   -40.231  2.00000
     2   -40.230  2.00000
     3   -40.230  2.00000
     4   -40.230  2.00000
     5   -40.230  2.00000
     6   -19.270  2.00000
     7   -19.205  2.00000
     8   -19.195  2.00000
     9   -19.191  2.00000
    10   -19.185  2.00000
    11   -12.262  2.00000
    12    -6.873  2.00000
    13    -4.225  2.00000
    14    -3.955  2.00000
    15     2.389  0.00000
    16     5.509  0.00000
    17    11.850  0.00000
    18    12.437  0.00000

 KPT          113  SPIN            1  KWEIGHT    5.8309037900874817E-003
     1   -40.231  2.00000
     2   -40.230  2.00000
     3   -40.230  2.00000
     4   -40.230  2.00000
     5   -40.230  2.00000
     6   -19.271  2.00000
     7   -19.205  2.00000
     8   -19.198  2.00000
     9   -19.189  2.00000
    10   -19.186  2.00000
    11   -12.193  2.00000
    12    -6.965  2.00000
    13    -4.291  2.00000
    14    -4.089  2.00000
    15     2.970  0.00000
    16     4.594  0.00000
    17     6.854  0.00000
    18    31.578  0.00000

 KPT          114  SPIN            1  KWEIGHT    5.8309037900874817E-003
     1   -40.231  2.00000
     2   -40.230  2.00000
     3   -40.230  2.00000
     4   -40.230  2.00000
     5   -40.230  2.00000
     6   -19.271  2.00000
     7   -19.205  2.00000
     8   -19.198  2.00000
     9   -19.189  2.00000
    10   -19.186  2.00000
    11   -12.193  2.00000
    12    -6.965  2.00000
    13    -4.291  2.00000
    14    -4.089  2.00000
    15     2.970  0.00000
    16     4.594  0.00000
    17     6.854  0.00000
    18    31.578  0.00000

 KPT          115  SPIN            1  KWEIGHT    5.8309037900874817E-003
     1   -40.231  2.00000
     2   -40.230  2.00000
     3   -40.230  2.00000
     4   -40.230  2.00000
     5   -40.230  2.00000
     6   -19.270  2.00000
     7   -19.205  2.00000
     8   -19.195  2.00000
     9   -19.191  2.00000
    10   -19.185  2.00000
    11   -12.262  2.00000
    12    -6.873  2.00000
    13    -4.225  2.00000
    14    -3.955  2.00000
    15     2.389  0.00000
    16     5.509  0.00000
    17    11.850  0.00000
    18    12.437  0.00000

 KPT          116  SPIN            1  KWEIGHT    5.8309037900874817E-003
     1   -40.231  2.00000
     2   -40.230  2.00000
     3   -40.230  2.00000
     4   -40.230  2.00000
     5   -40.230  2.00000
     6   -19.265  2.00000
     7   -19.206  2.00000
     8   -19.199  2.00000
     9   -19.190  2.00000
    10   -19.185  2.00000
    11   -12.352  2.00000
    12    -6.790  2.00000
    13    -4.122  2.00000
    14    -3.840  2.00000
    15     2.135  0.00000
    16     5.264  0.00000
    17     9.100  0.00000
    18    17.863  0.00000

 KPT          117  SPIN            1  KWEIGHT    5.8309037900874817E-003
     1   -40.230  2.00000
     2   -40.230  2.00000
     3   -40.230  2.00000
     4   -40.230  2.00000
     5   -40.230  2.00000
     6   -19.252  2.00000
     7   -19.207  2.00000
     8   -19.204  2.00000
     9   -19.191  2.00000
    10   -19.186  2.00000
    11   -12.723  2.00000
    12    -6.283  2.00000
    13    -3.668  2.00000
    14    -3.245  2.00000
    15     0.648  0.00000
    16     3.302  0.00000
    17     3.508  0.00000
    18    17.758  0.00000

 KPT          118  SPIN            1  KWEIGHT    5.8309037900874817E-003
     1   -40.231  2.00000
     2   -40.230  2.00000
     3   -40.230  2.00000
     4   -40.230  2.00000
     5   -40.230  2.00000
     6   -19.258  2.00000
     7   -19.204  2.00000
     8   -19.199  2.00000
     9   -19.193  2.00000
    10   -19.186  2.00000
    11   -12.683  2.00000
    12    -6.418  2.00000
    13    -3.846  2.00000
    14    -3.561  2.00000
    15     1.034  0.00000
    16     2.756  0.00000
    17     4.084  0.00000
    18    15.638  0.00000

 KPT          119  SPIN            1  KWEIGHT    5.8309037900874817E-003
     1   -40.231  2.00000
     2   -40.230  2.00000
     3   -40.230  2.00000
     4   -40.230  2.00000
     5   -40.230  2.00000
     6   -19.270  2.00000
     7   -19.202  2.00000
     8   -19.193  2.00000
     9   -19.191  2.00000
    10   -19.184  2.00000
    11   -12.451  2.00000
    12    -6.706  2.00000
    13    -4.014  2.00000
    14    -3.948  2.00000
    15     1.988  0.00000
    16     4.674  0.00000
    17     4.751  0.00000
    18     9.601  0.00000

 KPT          120  SPIN            1  KWEIGHT    5.8309037900874817E-003
     1   -40.231  2.00000
     2   -40.230  2.00000
     3   -40.230  2.00000
     4   -40.230  2.00000
     5   -40.230  2.00000
     6   -19.274  2.00000
     7   -19.203  2.00000
     8   -19.194  2.00000
     9   -19.187  2.00000
    10   -19.184  2.00000
    11   -12.233  2.00000
    12    -6.938  2.00000
    13    -4.212  2.00000
    14    -4.113  2.00000
    15     2.694  0.00000
    16     4.638  0.00000
    17     6.399  0.00000
    18    14.561  0.00000

 KPT          121  SPIN            1  KWEIGHT    5.8309037900874817E-003
     1   -40.231  2.00000
     2   -40.230  2.00000
     3   -40.230  2.00000
     4   -40.230  2.00000
     5   -40.230  2.00000
     6   -19.271  2.00000
     7   -19.205  2.00000
     8   -19.198  2.00000
     9   -19.189  2.00000
    10   -19.186  2.00000
    11   -12.193  2.00000
    12    -6.965  2.00000
    13    -4.291  2.00000
    14    -4.089  2.00000
    15     2.970  0.00000
    16     4.594  0.00000
    17     6.854  0.00000
    18    31.578  0.00000

 KPT          122  SPIN            1  KWEIGHT    5.8309037900874817E-003
     1   -40.231  2.00000
     2   -40.230  2.00000
     3   -40.230  2.00000
     4   -40.230  2.00000
     5   -40.230  2.00000
     6   -19.265  2.00000
     7   -19.206  2.00000
     8   -19.199  2.00000
     9   -19.190  2.00000
    10   -19.185  2.00000
    11   -12.352  2.00000
    12    -6.790  2.00000
    13    -4.122  2.00000
    14    -3.840  2.00000
    15     2.135  0.00000
    16     5.264  0.00000
    17     9.100  0.00000
    18    17.863  0.00000

 KPT          123  SPIN            1  KWEIGHT    5.8309037900874817E-003
     1   -40.231  2.00000
     2   -40.230  2.00000
     3   -40.230  2.00000
     4   -40.230  2.00000
     5   -40.230  2.00000
     6   -19.259  2.00000
     7   -19.206  2.00000
     8   -19.204  2.00000
     9   -19.190  2.00000
    10   -19.183  2.00000
    11   -12.581  2.00000
    12    -6.477  2.00000
    13    -3.648  2.00000
    14    -3.619  2.00000
    15     1.434  0.00000
    16     4.975  0.00000
    17     5.103  0.00000
    18    15.035  0.00000

 KPT          124  SPIN            1  KWEIGHT    5.8309037900874817E-003
     1   -40.231  2.00000
     2   -40.230  2.00000
     3   -40.230  2.00000
     4   -40.230  2.00000
     5   -40.230  2.00000
     6   -19.257  2.00000
     7   -19.209  2.00000
     8   -19.209  2.00000
     9   -19.184  2.00000
    10   -19.184  2.00000
    11   -12.548  2.00000
    12    -6.390  2.00000
    13    -3.406  2.00000
    14    -3.406  2.00000
    15     1.304  0.00000
    16     7.383  0.00000
    17     7.383  0.00000
    18    15.718  0.00000

 KPT          125  SPIN            1  KWEIGHT    5.8309037900874817E-003
     1   -40.231  2.00000
     2   -40.230  2.00000
     3   -40.230  2.00000
     4   -40.230  2.00000
     5   -40.230  2.00000
     6   -19.259  2.00000
     7   -19.206  2.00000
     8   -19.204  2.00000
     9   -19.190  2.00000
    10   -19.183  2.00000
    11   -12.581  2.00000
    12    -6.477  2.00000
    13    -3.648  2.00000
    14    -3.619  2.00000
    15     1.434  0.00000
    16     4.975  0.00000
    17     5.103  0.00000
    18    15.035  0.00000

 KPT          126  SPIN            1  KWEIGHT    5.8309037900874817E-003
     1   -40.231  2.00000
     2   -40.230  2.00000
     3   -40.230  2.00000
     4   -40.230  2.00000
     5   -40.230  2.00000
     6   -19.270  2.00000
     7   -19.202  2.00000
     8   -19.193  2.00000
     9   -19.191  2.00000
    10   -19.184  2.00000
    11   -12.451  2.00000
    12    -6.706  2.00000
    13    -4.014  2.00000
    14    -3.948  2.00000
    15     1.988  0.00000
    16     4.674  0.00000
    17     4.751  0.00000
    18     9.601  0.00000

 KPT          127  SPIN            1  KWEIGHT    5.8309037900874817E-003
     1   -40.231  2.00000
     2   -40.230  2.00000
     3   -40.230  2.00000
     4   -40.230  2.00000
     5   -40.230  2.00000
     6   -19.280  2.00000
     7   -19.204  2.00000
     8   -19.185  2.00000
     9   -19.185  2.00000
    10   -19.184  2.00000
    11   -12.257  2.00000
    12    -6.901  2.00000
    13    -4.150  2.00000
    14    -4.150  2.00000
    15     2.448  0.00000
    16     5.042  0.00000
    17     6.026  0.00000
    18     6.026  0.00000

 KPT          128  SPIN            1  KWEIGHT    5.8309037900874817E-003
     1   -40.231  2.00000
     2   -40.230  2.00000
     3   -40.230  2.00000
     4   -40.230  2.00000
     5   -40.230  2.00000
     6   -19.279  2.00000
     7   -19.204  2.00000
     8   -19.187  2.00000
     9   -19.187  2.00000
    10   -19.184  2.00000
    11   -12.176  2.00000
    12    -6.984  2.00000
    13    -4.253  2.00000
    14    -4.158  2.00000
    15     2.924  0.00000
    16     3.833  0.00000
    17     8.663  0.00000
    18     8.859  0.00000

 KPT          129  SPIN            1  KWEIGHT    5.8309037900874817E-003
     1   -40.231  2.00000
     2   -40.230  2.00000
     3   -40.230  2.00000
     4   -40.230  2.00000
     5   -40.230  2.00000
     6   -19.270  2.00000
     7   -19.205  2.00000
     8   -19.195  2.00000
     9   -19.191  2.00000
    10   -19.185  2.00000
    11   -12.262  2.00000
    12    -6.873  2.00000
    13    -4.225  2.00000
    14    -3.955  2.00000
    15     2.389  0.00000
    16     5.509  0.00000
    17    11.850  0.00000
    18    12.437  0.00000

 KPT          130  SPIN            1  KWEIGHT    5.8309037900874817E-003
     1   -40.231  2.00000
     2   -40.230  2.00000
     3   -40.230  2.00000
     4   -40.230  2.00000
     5   -40.230  2.00000
     6   -19.262  2.00000
     7   -19.208  2.00000
     8   -19.205  2.00000
     9   -19.186  2.00000
    10   -19.185  2.00000
    11   -12.430  2.00000
    12    -6.632  2.00000
    13    -3.837  2.00000
    14    -3.599  2.00000
    15     1.714  0.00000
    16     7.739  0.00000
    17    11.923  0.00000
    18    15.326  0.00000

 KPT          131  SPIN            1  KWEIGHT    5.8309037900874817E-003
     1   -40.231  2.00000
     2   -40.230  2.00000
     3   -40.230  2.00000
     4   -40.230  2.00000
     5   -40.230  2.00000
     6   -19.259  2.00000
     7   -19.206  2.00000
     8   -19.204  2.00000
     9   -19.190  2.00000
    10   -19.183  2.00000
    11   -12.581  2.00000
    12    -6.477  2.00000
    13    -3.648  2.00000
    14    -3.619  2.00000
    15     1.434  0.00000
    16     4.975  0.00000
    17     5.103  0.00000
    18    15.035  0.00000

 KPT          132  SPIN            1  KWEIGHT    5.8309037900874817E-003
     1   -40.230  2.00000
     2   -40.230  2.00000
     3   -40.230  2.00000
     4   -40.230  2.00000
     5   -40.230  2.00000
     6   -19.252  2.00000
     7   -19.207  2.00000
     8   -19.204  2.00000
     9   -19.191  2.00000
    10   -19.186  2.00000
    11   -12.723  2.00000
    12    -6.283  2.00000
    13    -3.668  2.00000
    14    -3.245  2.00000
    15     0.648  0.00000
    16     3.302  0.00000
    17     3.508  0.00000
    18    17.758  0.00000

 KPT          133  SPIN            1  KWEIGHT    5.8309037900874817E-003
     1   -40.231  2.00000
     2   -40.230  2.00000
     3   -40.230  2.00000
     4   -40.230  2.00000
     5   -40.230  2.00000
     6   -19.258  2.00000
     7   -19.204  2.00000
     8   -19.199  2.00000
     9   -19.193  2.00000
    10   -19.186  2.00000
    11   -12.683  2.00000
    12    -6.418  2.00000
    13    -3.846  2.00000
    14    -3.561  2.00000
    15     1.034  0.00000
    16     2.756  0.00000
    17     4.084  0.00000
    18    15.638  0.00000

 KPT          134  SPIN            1  KWEIGHT    5.8309037900874817E-003
     1   -40.231  2.00000
     2   -40.230  2.00000
     3   -40.230  2.00000
     4   -40.230  2.00000
     5   -40.230  2.00000
     6   -19.270  2.00000
     7   -19.202  2.00000
     8   -19.193  2.00000
     9   -19.191  2.00000
    10   -19.184  2.00000
    11   -12.451  2.00000
    12    -6.706  2.00000
    13    -4.014  2.00000
    14    -3.948  2.00000
    15     1.988  0.00000
    16     4.674  0.00000
    17     4.751  0.00000
    18     9.601  0.00000

 KPT          135  SPIN            1  KWEIGHT    5.8309037900874817E-003
     1   -40.231  2.00000
     2   -40.230  2.00000
     3   -40.230  2.00000
     4   -40.230  2.00000
     5   -40.230  2.00000
     6   -19.274  2.00000
     7   -19.203  2.00000
     8   -19.194  2.00000
     9   -19.187  2.00000
    10   -19.184  2.00000
    11   -12.233  2.00000
    12    -6.938  2.00000
    13    -4.212  2.00000
    14    -4.113  2.00000
    15     2.694  0.00000
    16     4.638  0.00000
    17     6.399  0.00000
    18    14.561  0.00000

 KPT          136  SPIN            1  KWEIGHT    5.8309037900874817E-003
     1   -40.231  2.00000
     2   -40.230  2.00000
     3   -40.230  2.00000
     4   -40.230  2.00000
     5   -40.230  2.00000
     6   -19.271  2.00000
     7   -19.205  2.00000
     8   -19.198  2.00000
     9   -19.189  2.00000
    10   -19.186  2.00000
    11   -12.193  2.00000
    12    -6.965  2.00000
    13    -4.291  2.00000
    14    -4.089  2.00000
    15     2.970  0.00000
    16     4.594  0.00000
    17     6.854  0.00000
    18    31.578  0.00000

 KPT          137  SPIN            1  KWEIGHT    5.8309037900874817E-003
     1   -40.231  2.00000
     2   -40.230  2.00000
     3   -40.230  2.00000
     4   -40.230  2.00000
     5   -40.230  2.00000
     6   -19.265  2.00000
     7   -19.206  2.00000
     8   -19.199  2.00000
     9   -19.190  2.00000
    10   -19.185  2.00000
    11   -12.352  2.00000
    12    -6.790  2.00000
    13    -4.122  2.00000
    14    -3.840  2.00000
    15     2.135  0.00000
    16     5.264  0.00000
    17     9.100  0.00000
    18    17.863  0.00000

 KPT          138  SPIN            1  KWEIGHT    5.8309037900874817E-003
     1   -40.231  2.00000
     2   -40.230  2.00000
     3   -40.230  2.00000
     4   -40.230  2.00000
     5   -40.230  2.00000
     6   -19.270  2.00000
     7   -19.202  2.00000
     8   -19.193  2.00000
     9   -19.191  2.00000
    10   -19.184  2.00000
    11   -12.451  2.00000
    12    -6.706  2.00000
    13    -4.014  2.00000
    14    -3.948  2.00000
    15     1.988  0.00000
    16     4.674  0.00000
    17     4.751  0.00000
    18     9.601  0.00000

 KPT          139  SPIN            1  KWEIGHT    5.8309037900874817E-003
     1   -40.231  2.00000
     2   -40.230  2.00000
     3   -40.230  2.00000
     4   -40.230  2.00000
     5   -40.230  2.00000
     6   -19.258  2.00000
     7   -19.204  2.00000
     8   -19.199  2.00000
     9   -19.193  2.00000
    10   -19.186  2.00000
    11   -12.683  2.00000
    12    -6.418  2.00000
    13    -3.846  2.00000
    14    -3.561  2.00000
    15     1.034  0.00000
    16     2.756  0.00000
    17     4.084  0.00000
    18    15.638  0.00000

 KPT          140  SPIN            1  KWEIGHT    5.8309037900874817E-003
     1   -40.230  2.00000
     2   -40.230  2.00000
     3   -40.230  2.00000
     4   -40.230  2.00000
     5   -40.230  2.00000
     6   -19.252  2.00000
     7   -19.207  2.00000
     8   -19.204  2.00000
     9   -19.191  2.00000
    10   -19.186  2.00000
    11   -12.723  2.00000
    12    -6.283  2.00000
    13    -3.668  2.00000
    14    -3.245  2.00000
    15     0.648  0.00000
    16     3.302  0.00000
    17     3.508  0.00000
    18    17.758  0.00000

 KPT          141  SPIN            1  KWEIGHT    5.8309037900874817E-003
     1   -40.231  2.00000
     2   -40.230  2.00000
     3   -40.230  2.00000
     4   -40.230  2.00000
     5   -40.230  2.00000
     6   -19.259  2.00000
     7   -19.206  2.00000
     8   -19.204  2.00000
     9   -19.190  2.00000
    10   -19.183  2.00000
    11   -12.581  2.00000
    12    -6.477  2.00000
    13    -3.648  2.00000
    14    -3.619  2.00000
    15     1.434  0.00000
    16     4.975  0.00000
    17     5.103  0.00000
    18    15.035  0.00000

 KPT          142  SPIN            1  KWEIGHT    5.8309037900874817E-003
     1   -40.231  2.00000
     2   -40.230  2.00000
     3   -40.230  2.00000
     4   -40.230  2.00000
     5   -40.230  2.00000
     6   -19.265  2.00000
     7   -19.206  2.00000
     8   -19.199  2.00000
     9   -19.190  2.00000
    10   -19.185  2.00000
    11   -12.352  2.00000
    12    -6.790  2.00000
    13    -4.122  2.00000
    14    -3.840  2.00000
    15     2.135  0.00000
    16     5.264  0.00000
    17     9.100  0.00000
    18    17.863  0.00000

 KPT          143  SPIN            1  KWEIGHT    5.8309037900874817E-003
     1   -40.231  2.00000
     2   -40.230  2.00000
     3   -40.230  2.00000
     4   -40.230  2.00000
     5   -40.230  2.00000
     6   -19.271  2.00000
     7   -19.205  2.00000
     8   -19.198  2.00000
     9   -19.189  2.00000
    10   -19.186  2.00000
    11   -12.193  2.00000
    12    -6.965  2.00000
    13    -4.291  2.00000
    14    -4.089  2.00000
    15     2.970  0.00000
    16     4.594  0.00000
    17     6.854  0.00000
    18    31.578  0.00000

 KPT          144  SPIN            1  KWEIGHT    5.8309037900874817E-003
     1   -40.231  2.00000
     2   -40.230  2.00000
     3   -40.230  2.00000
     4   -40.230  2.00000
     5   -40.230  2.00000
     6   -19.274  2.00000
     7   -19.203  2.00000
     8   -19.194  2.00000
     9   -19.187  2.00000
    10   -19.184  2.00000
    11   -12.233  2.00000
    12    -6.938  2.00000
    13    -4.212  2.00000
    14    -4.113  2.00000
    15     2.694  0.00000
    16     4.638  0.00000
    17     6.399  0.00000
    18    14.561  0.00000

 KPT          145  SPIN            1  KWEIGHT    5.8309037900874817E-003
     1   -40.231  2.00000
     2   -40.230  2.00000
     3   -40.230  2.00000
     4   -40.230  2.00000
     5   -40.230  2.00000
     6   -19.280  2.00000
     7   -19.204  2.00000
     8   -19.185  2.00000
     9   -19.185  2.00000
    10   -19.184  2.00000
    11   -12.257  2.00000
    12    -6.901  2.00000
    13    -4.150  2.00000
    14    -4.150  2.00000
    15     2.448  0.00000
    16     5.042  0.00000
    17     6.026  0.00000
    18     6.026  0.00000

 KPT          146  SPIN            1  KWEIGHT    5.8309037900874817E-003
     1   -40.231  2.00000
     2   -40.230  2.00000
     3   -40.230  2.00000
     4   -40.230  2.00000
     5   -40.230  2.00000
     6   -19.270  2.00000
     7   -19.202  2.00000
     8   -19.193  2.00000
     9   -19.191  2.00000
    10   -19.184  2.00000
    11   -12.451  2.00000
    12    -6.706  2.00000
    13    -4.014  2.00000
    14    -3.948  2.00000
    15     1.988  0.00000
    16     4.674  0.00000
    17     4.751  0.00000
    18     9.601  0.00000

 KPT          147  SPIN            1  KWEIGHT    5.8309037900874817E-003
     1   -40.231  2.00000
     2   -40.230  2.00000
     3   -40.230  2.00000
     4   -40.230  2.00000
     5   -40.230  2.00000
     6   -19.259  2.00000
     7   -19.206  2.00000
     8   -19.204  2.00000
     9   -19.190  2.00000
    10   -19.183  2.00000
    11   -12.581  2.00000
    12    -6.477  2.00000
    13    -3.648  2.00000
    14    -3.619  2.00000
    15     1.434  0.00000
    16     4.975  0.00000
    17     5.103  0.00000
    18    15.035  0.00000

 KPT          148  SPIN            1  KWEIGHT    5.8309037900874817E-003
     1   -40.231  2.00000
     2   -40.230  2.00000
     3   -40.230  2.00000
     4   -40.230  2.00000
     5   -40.230  2.00000
     6   -19.257  2.00000
     7   -19.209  2.00000
     8   -19.209  2.00000
     9   -19.184  2.00000
    10   -19.184  2.00000
    11   -12.548  2.00000
    12    -6.390  2.00000
    13    -3.406  2.00000
    14    -3.406  2.00000
    15     1.304  0.00000
    16     7.383  0.00000
    17     7.383  0.00000
    18    15.718  0.00000

 KPT          149  SPIN            1  KWEIGHT    5.8309037900874817E-003
     1   -40.231  2.00000
     2   -40.230  2.00000
     3   -40.230  2.00000
     4   -40.230  2.00000
     5   -40.230  2.00000
     6   -19.262  2.00000
     7   -19.208  2.00000
     8   -19.205  2.00000
     9   -19.186  2.00000
    10   -19.185  2.00000
    11   -12.430  2.00000
    12    -6.632  2.00000
    13    -3.837  2.00000
    14    -3.599  2.00000
    15     1.714  0.00000
    16     7.739  0.00000
    17    11.923  0.00000
    18    15.326  0.00000

 KPT          150  SPIN            1  KWEIGHT    5.8309037900874817E-003
     1   -40.231  2.00000
     2   -40.230  2.00000
     3   -40.230  2.00000
     4   -40.230  2.00000
     5   -40.230  2.00000
     6   -19.270  2.00000
     7   -19.205  2.00000
     8   -19.195  2.00000
     9   -19.191  2.00000
    10   -19.185  2.00000
    11   -12.262  2.00000
    12    -6.873  2.00000
    13    -4.225  2.00000
    14    -3.955  2.00000
    15     2.389  0.00000
    16     5.509  0.00000
    17    11.850  0.00000
    18    12.437  0.00000

 KPT          151  SPIN            1  KWEIGHT    5.8309037900874817E-003
     1   -40.231  2.00000
     2   -40.230  2.00000
     3   -40.230  2.00000
     4   -40.230  2.00000
     5   -40.230  2.00000
     6   -19.279  2.00000
     7   -19.204  2.00000
     8   -19.187  2.00000
     9   -19.187  2.00000
    10   -19.184  2.00000
    11   -12.176  2.00000
    12    -6.984  2.00000
    13    -4.253  2.00000
    14    -4.158  2.00000
    15     2.924  0.00000
    16     3.833  0.00000
    17     8.663  0.00000
    18     8.859  0.00000

 KPT          152  SPIN            1  KWEIGHT    5.8309037900874817E-003
     1   -40.231  2.00000
     2   -40.230  2.00000
     3   -40.230  2.00000
     4   -40.230  2.00000
     5   -40.230  2.00000
     6   -19.279  2.00000
     7   -19.204  2.00000
     8   -19.187  2.00000
     9   -19.187  2.00000
    10   -19.184  2.00000
    11   -12.176  2.00000
    12    -6.984  2.00000
    13    -4.253  2.00000
    14    -4.158  2.00000
    15     2.924  0.00000
    16     3.833  0.00000
    17     8.663  0.00000
    18     8.859  0.00000

 KPT          153  SPIN            1  KWEIGHT    5.8309037900874817E-003
     1   -40.231  2.00000
     2   -40.230  2.00000
     3   -40.230  2.00000
     4   -40.230  2.00000
     5   -40.230  2.00000
     6   -19.274  2.00000
     7   -19.203  2.00000
     8   -19.194  2.00000
     9   -19.187  2.00000
    10   -19.184  2.00000
    11   -12.233  2.00000
    12    -6.938  2.00000
    13    -4.212  2.00000
    14    -4.113  2.00000
    15     2.694  0.00000
    16     4.638  0.00000
    17     6.399  0.00000
    18    14.561  0.00000

 KPT          154  SPIN            1  KWEIGHT    5.8309037900874817E-003
     1   -40.231  2.00000
     2   -40.230  2.00000
     3   -40.230  2.00000
     4   -40.230  2.00000
     5   -40.230  2.00000
     6   -19.265  2.00000
     7   -19.206  2.00000
     8   -19.199  2.00000
     9   -19.190  2.00000
    10   -19.185  2.00000
    11   -12.352  2.00000
    12    -6.790  2.00000
    13    -4.122  2.00000
    14    -3.840  2.00000
    15     2.135  0.00000
    16     5.264  0.00000
    17     9.100  0.00000
    18    17.863  0.00000

 KPT          155  SPIN            1  KWEIGHT    5.8309037900874817E-003
     1   -40.231  2.00000
     2   -40.230  2.00000
     3   -40.230  2.00000
     4   -40.230  2.00000
     5   -40.230  2.00000
     6   -19.262  2.00000
     7   -19.208  2.00000
     8   -19.205  2.00000
     9   -19.186  2.00000
    10   -19.185  2.00000
    11   -12.430  2.00000
    12    -6.632  2.00000
    13    -3.837  2.00000
    14    -3.599  2.00000
    15     1.714  0.00000
    16     7.739  0.00000
    17    11.923  0.00000
    18    15.326  0.00000

 KPT          156  SPIN            1  KWEIGHT    5.8309037900874817E-003
     1   -40.231  2.00000
     2   -40.230  2.00000
     3   -40.230  2.00000
     4   -40.230  2.00000
     5   -40.230  2.00000
     6   -19.262  2.00000
     7   -19.208  2.00000
     8   -19.205  2.00000
     9   -19.186  2.00000
    10   -19.185  2.00000
    11   -12.430  2.00000
    12    -6.632  2.00000
    13    -3.837  2.00000
    14    -3.599  2.00000
    15     1.714  0.00000
    16     7.739  0.00000
    17    11.923  0.00000
    18    15.326  0.00000

 KPT          157  SPIN            1  KWEIGHT    5.8309037900874817E-003
     1   -40.231  2.00000
     2   -40.230  2.00000
     3   -40.230  2.00000
     4   -40.230  2.00000
     5   -40.230  2.00000
     6   -19.265  2.00000
     7   -19.206  2.00000
     8   -19.199  2.00000
     9   -19.190  2.00000
    10   -19.185  2.00000
    11   -12.352  2.00000
    12    -6.790  2.00000
    13    -4.122  2.00000
    14    -3.840  2.00000
    15     2.135  0.00000
    16     5.264  0.00000
    17     9.100  0.00000
    18    17.863  0.00000

 KPT          158  SPIN            1  KWEIGHT    5.8309037900874817E-003
     1   -40.231  2.00000
     2   -40.230  2.00000
     3   -40.230  2.00000
     4   -40.230  2.00000
     5   -40.230  2.00000
     6   -19.274  2.00000
     7   -19.203  2.00000
     8   -19.194  2.00000
     9   -19.187  2.00000
    10   -19.184  2.00000
    11   -12.233  2.00000
    12    -6.938  2.00000
    13    -4.212  2.00000
    14    -4.113  2.00000
    15     2.694  0.00000
    16     4.638  0.00000
    17     6.399  0.00000
    18    14.561  0.00000

 KPT          159  SPIN            1  KWEIGHT    5.8309037900874817E-003
     1   -40.231  2.00000
     2   -40.230  2.00000
     3   -40.230  2.00000
     4   -40.230  2.00000
     5   -40.230  2.00000
     6   -19.270  2.00000
     7   -19.205  2.00000
     8   -19.195  2.00000
     9   -19.191  2.00000
    10   -19.185  2.00000
    11   -12.262  2.00000
    12    -6.873  2.00000
    13    -4.225  2.00000
    14    -3.955  2.00000
    15     2.389  0.00000
    16     5.509  0.00000
    17    11.850  0.00000
    18    12.437  0.00000

 KPT          160  SPIN            1  KWEIGHT    5.8309037900874817E-003
     1   -40.231  2.00000
     2   -40.230  2.00000
     3   -40.230  2.00000
     4   -40.230  2.00000
     5   -40.230  2.00000
     6   -19.271  2.00000
     7   -19.205  2.00000
     8   -19.198  2.00000
     9   -19.189  2.00000
    10   -19.186  2.00000
    11   -12.193  2.00000
    12    -6.965  2.00000
    13    -4.291  2.00000
    14    -4.089  2.00000
    15     2.970  0.00000
    16     4.594  0.00000
    17     6.854  0.00000
    18    31.578  0.00000

 KPT          161  SPIN            1  KWEIGHT    5.8309037900874817E-003
     1   -40.231  2.00000
     2   -40.230  2.00000
     3   -40.230  2.00000
     4   -40.230  2.00000
     5   -40.230  2.00000
     6   -19.271  2.00000
     7   -19.205  2.00000
     8   -19.198  2.00000
     9   -19.189  2.00000
    10   -19.186  2.00000
    11   -12.193  2.00000
    12    -6.965  2.00000
    13    -4.291  2.00000
    14    -4.089  2.00000
    15     2.970  0.00000
    16     4.594  0.00000
    17     6.854  0.00000
    18    31.578  0.00000

 KPT          162  SPIN            1  KWEIGHT    5.8309037900874817E-003
     1   -40.231  2.00000
     2   -40.230  2.00000
     3   -40.230  2.00000
     4   -40.230  2.00000
     5   -40.230  2.00000
     6   -19.270  2.00000
     7   -19.205  2.00000
     8   -19.195  2.00000
     9   -19.191  2.00000
    10   -19.185  2.00000
    11   -12.262  2.00000
    12    -6.873  2.00000
    13    -4.225  2.00000
    14    -3.955  2.00000
    15     2.389  0.00000
    16     5.509  0.00000
    17    11.850  0.00000
    18    12.437  0.00000

 KPT          163  SPIN            1  KWEIGHT    5.8309037900874817E-003
     1   -40.231  2.00000
     2   -40.230  2.00000
     3   -40.230  2.00000
     4   -40.230  2.00000
     5   -40.230  2.00000
     6   -19.265  2.00000
     7   -19.206  2.00000
     8   -19.199  2.00000
     9   -19.190  2.00000
    10   -19.185  2.00000
    11   -12.352  2.00000
    12    -6.790  2.00000
    13    -4.122  2.00000
    14    -3.840  2.00000
    15     2.135  0.00000
    16     5.264  0.00000
    17     9.100  0.00000
    18    17.863  0.00000

 KPT          164  SPIN            1  KWEIGHT    5.8309037900874817E-003
     1   -40.231  2.00000
     2   -40.230  2.00000
     3   -40.230  2.00000
     4   -40.230  2.00000
     5   -40.230  2.00000
     6   -19.262  2.00000
     7   -19.207  2.00000
     8   -19.198  2.00000
     9   -19.190  2.00000
    10   -19.188  2.00000
    11   -12.398  2.00000
    12    -6.731  2.00000
    13    -4.144  2.00000
    14    -3.679  2.00000
    15     1.649  0.00000
    16     4.953  0.00000
    17    11.343  0.00000
    18    17.770  0.00000

 KPT          165  SPIN            1  KWEIGHT    5.8309037900874817E-003
     1   -40.231  2.00000
     2   -40.230  2.00000
     3   -40.230  2.00000
     4   -40.230  2.00000
     5   -40.230  2.00000
     6   -19.265  2.00000
     7   -19.206  2.00000
     8   -19.199  2.00000
     9   -19.190  2.00000
    10   -19.185  2.00000
    11   -12.352  2.00000
    12    -6.790  2.00000
    13    -4.122  2.00000
    14    -3.840  2.00000
    15     2.135  0.00000
    16     5.264  0.00000
    17     9.100  0.00000
    18    17.863  0.00000

 KPT          166  SPIN            1  KWEIGHT    5.8309037900874817E-003
     1   -40.231  2.00000
     2   -40.230  2.00000
     3   -40.230  2.00000
     4   -40.230  2.00000
     5   -40.230  2.00000
     6   -19.262  2.00000
     7   -19.208  2.00000
     8   -19.205  2.00000
     9   -19.186  2.00000
    10   -19.185  2.00000
    11   -12.430  2.00000
    12    -6.632  2.00000
    13    -3.837  2.00000
    14    -3.599  2.00000
    15     1.714  0.00000
    16     7.739  0.00000
    17    11.923  0.00000
    18    15.326  0.00000

 KPT          167  SPIN            1  KWEIGHT    5.8309037900874817E-003
     1   -40.231  2.00000
     2   -40.230  2.00000
     3   -40.230  2.00000
     4   -40.230  2.00000
     5   -40.230  2.00000
     6   -19.265  2.00000
     7   -19.206  2.00000
     8   -19.199  2.00000
     9   -19.190  2.00000
    10   -19.185  2.00000
    11   -12.352  2.00000
    12    -6.790  2.00000
    13    -4.122  2.00000
    14    -3.840  2.00000
    15     2.135  0.00000
    16     5.264  0.00000
    17     9.100  0.00000
    18    17.863  0.00000

 KPT          168  SPIN            1  KWEIGHT    5.8309037900874817E-003
     1   -40.231  2.00000
     2   -40.230  2.00000
     3   -40.230  2.00000
     4   -40.230  2.00000
     5   -40.230  2.00000
     6   -19.274  2.00000
     7   -19.203  2.00000
     8   -19.194  2.00000
     9   -19.187  2.00000
    10   -19.184  2.00000
    11   -12.233  2.00000
    12    -6.938  2.00000
    13    -4.212  2.00000
    14    -4.113  2.00000
    15     2.694  0.00000
    16     4.638  0.00000
    17     6.399  0.00000
    18    14.561  0.00000

 KPT          169  SPIN            1  KWEIGHT    5.8309037900874817E-003
     1   -40.231  2.00000
     2   -40.230  2.00000
     3   -40.230  2.00000
     4   -40.230  2.00000
     5   -40.230  2.00000
     6   -19.279  2.00000
     7   -19.204  2.00000
     8   -19.187  2.00000
     9   -19.187  2.00000
    10   -19.184  2.00000
    11   -12.176  2.00000
    12    -6.984  2.00000
    13    -4.253  2.00000
    14    -4.158  2.00000
    15     2.924  0.00000
    16     3.833  0.00000
    17     8.663  0.00000
    18     8.859  0.00000

 KPT          170  SPIN            1  KWEIGHT    5.8309037900874817E-003
     1   -40.231  2.00000
     2   -40.230  2.00000
     3   -40.230  2.00000
     4   -40.230  2.00000
     5   -40.230  2.00000
     6   -19.274  2.00000
     7   -19.203  2.00000
     8   -19.194  2.00000
     9   -19.187  2.00000
    10   -19.184  2.00000
    11   -12.233  2.00000
    12    -6.938  2.00000
    13    -4.212  2.00000
    14    -4.113  2.00000
    15     2.694  0.00000
    16     4.638  0.00000
    17     6.399  0.00000
    18    14.561  0.00000

 KPT          171  SPIN            1  KWEIGHT    5.8309037900874817E-003
     1   -40.231  2.00000
     2   -40.230  2.00000
     3   -40.230  2.00000
     4   -40.230  2.00000
     5   -40.230  2.00000
     6   -19.265  2.00000
     7   -19.206  2.00000
     8   -19.199  2.00000
     9   -19.190  2.00000
    10   -19.185  2.00000
    11   -12.352  2.00000
    12    -6.790  2.00000
    13    -4.122  2.00000
    14    -3.840  2.00000
    15     2.135  0.00000
    16     5.264  0.00000
    17     9.100  0.00000
    18    17.863  0.00000

 KPT          172  SPIN            1  KWEIGHT    5.8309037900874817E-003
     1   -40.231  2.00000
     2   -40.230  2.00000
     3   -40.230  2.00000
     4   -40.230  2.00000
     5   -40.230  2.00000
     6   -19.262  2.00000
     7   -19.208  2.00000
     8   -19.205  2.00000
     9   -19.186  2.00000
    10   -19.185  2.00000
    11   -12.430  2.00000
    12    -6.632  2.00000
    13    -3.837  2.00000
    14    -3.599  2.00000
    15     1.714  0.00000
    16     7.739  0.00000
    17    11.923  0.00000
    18    15.326  0.00000

